<?xml version="1.0" encoding="UTF-8"?>
<testsuite xmlns:xsi="http://www.w3.org/2001/XMLSchema-instance" xsi:noNamespaceSchemaLocation="https://maven.apache.org/surefire/maven-surefire-plugin/xsd/surefire-test-report-3.0.xsd" version="3.0" name="ec.edu.espe.AmeStoreInventory.model.CustomerTest" time="0.153" tests="11" errors="11" skipped="0" failures="0">
  <properties>
    <property name="java.specification.version" value="23"/>
    <property name="sun.cpu.isalist" value="amd64"/>
    <property name="sun.jnu.encoding" value="Cp1252"/>
    <property name="java.class.path" value="C:\Users\User\OneDrive\Desktop\Segundo Semestre\POO\ESPE2410-OOPSW1973-TeamTNT\Code\AmeStore_InterV9\target\test-classes;C:\Users\User\OneDrive\Desktop\Segundo Semestre\POO\ESPE2410-OOPSW1973-TeamTNT\Code\AmeStore_InterV9\target\classes;C:\Users\User\.m2\repository\org\mongodb\mongodb-driver-sync\5.1.1\mongodb-driver-sync-5.1.1.jar;C:\Users\User\.m2\repository\org\mongodb\bson\5.1.1\bson-5.1.1.jar;C:\Users\User\.m2\repository\org\mongodb\mongodb-driver-core\5.1.1\mongodb-driver-core-5.1.1.jar;C:\Users\User\.m2\repository\org\mongodb\bson-record-codec\5.1.1\bson-record-codec-5.1.1.jar;C:\Users\User\.m2\repository\org\netbeans\external\AbsoluteLayout\RELEASE210\AbsoluteLayout-RELEASE210.jar;C:\Users\User\.m2\repository\com\itextpdf\itextpdf\5.5.13.2\itextpdf-5.5.13.2.jar;C:\Users\User\.m2\repository\commons-codec\commons-codec\1.15\commons-codec-1.15.jar;C:\Users\User\.m2\repository\com\google\code\gson\gson\2.8.9\gson-2.8.9.jar;C:\Users\User\.m2\repository\org\slf4j\slf4j-api\1.7.30\slf4j-api-1.7.30.jar;C:\Users\User\.m2\repository\org\slf4j\slf4j-simple\1.7.30\slf4j-simple-1.7.30.jar;C:\Users\User\.m2\repository\org\junit\jupiter\junit-jupiter-api\5.10.3\junit-jupiter-api-5.10.3.jar;C:\Users\User\.m2\repository\org\opentest4j\opentest4j\1.3.0\opentest4j-1.3.0.jar;C:\Users\User\.m2\repository\org\junit\platform\junit-platform-commons\1.10.3\junit-platform-commons-1.10.3.jar;C:\Users\User\.m2\repository\org\apiguardian\apiguardian-api\1.1.2\apiguardian-api-1.1.2.jar;C:\Users\User\.m2\repository\org\junit\jupiter\junit-jupiter-params\5.10.3\junit-jupiter-params-5.10.3.jar;C:\Users\User\.m2\repository\org\junit\jupiter\junit-jupiter-engine\5.10.3\junit-jupiter-engine-5.10.3.jar;C:\Users\User\.m2\repository\org\junit\platform\junit-platform-engine\1.10.3\junit-platform-engine-1.10.3.jar;"/>
    <property name="java.vm.vendor" value="Oracle Corporation"/>
    <property name="sun.arch.data.model" value="64"/>
    <property name="user.variant" value=""/>
    <property name="java.vendor.url" value="https://java.oracle.com/"/>
    <property name="user.timezone" value="America/Guayaquil"/>
    <property name="os.name" value="Windows 11"/>
    <property name="java.vm.specification.version" value="23"/>
    <property name="user.country" value="EC"/>
    <property name="sun.java.launcher" value="SUN_STANDARD"/>
    <property name="sun.boot.library.path" value="C:\Program Files\Java\jdk-23\bin"/>
    <property name="sun.java.command" value="C:\Users\User\AppData\Local\Temp\surefire14192469653105510869\surefirebooter-20250305223759870_3.jar C:\Users\User\AppData\Local\Temp\surefire14192469653105510869 2025-03-05T22-37-59_618-jvmRun1 surefire-20250305223759870_1tmp surefire_0-20250305223759870_2tmp"/>
    <property name="jdk.debug" value="release"/>
    <property name="test" value="ec.edu.espe.AmeStoreInventory.model.CustomerTest"/>
    <property name="surefire.test.class.path" value="C:\Users\User\OneDrive\Desktop\Segundo Semestre\POO\ESPE2410-OOPSW1973-TeamTNT\Code\AmeStore_InterV9\target\test-classes;C:\Users\User\OneDrive\Desktop\Segundo Semestre\POO\ESPE2410-OOPSW1973-TeamTNT\Code\AmeStore_InterV9\target\classes;C:\Users\User\.m2\repository\org\mongodb\mongodb-driver-sync\5.1.1\mongodb-driver-sync-5.1.1.jar;C:\Users\User\.m2\repository\org\mongodb\bson\5.1.1\bson-5.1.1.jar;C:\Users\User\.m2\repository\org\mongodb\mongodb-driver-core\5.1.1\mongodb-driver-core-5.1.1.jar;C:\Users\User\.m2\repository\org\mongodb\bson-record-codec\5.1.1\bson-record-codec-5.1.1.jar;C:\Users\User\.m2\repository\org\netbeans\external\AbsoluteLayout\RELEASE210\AbsoluteLayout-RELEASE210.jar;C:\Users\User\.m2\repository\com\itextpdf\itextpdf\5.5.13.2\itextpdf-5.5.13.2.jar;C:\Users\User\.m2\repository\commons-codec\commons-codec\1.15\commons-codec-1.15.jar;C:\Users\User\.m2\repository\com\google\code\gson\gson\2.8.9\gson-2.8.9.jar;C:\Users\User\.m2\repository\org\slf4j\slf4j-api\1.7.30\slf4j-api-1.7.30.jar;C:\Users\User\.m2\repository\org\slf4j\slf4j-simple\1.7.30\slf4j-simple-1.7.30.jar;C:\Users\User\.m2\repository\org\junit\jupiter\junit-jupiter-api\5.10.3\junit-jupiter-api-5.10.3.jar;C:\Users\User\.m2\repository\org\opentest4j\opentest4j\1.3.0\opentest4j-1.3.0.jar;C:\Users\User\.m2\repository\org\junit\platform\junit-platform-commons\1.10.3\junit-platform-commons-1.10.3.jar;C:\Users\User\.m2\repository\org\apiguardian\apiguardian-api\1.1.2\apiguardian-api-1.1.2.jar;C:\Users\User\.m2\repository\org\junit\jupiter\junit-jupiter-params\5.10.3\junit-jupiter-params-5.10.3.jar;C:\Users\User\.m2\repository\org\junit\jupiter\junit-jupiter-engine\5.10.3\junit-jupiter-engine-5.10.3.jar;C:\Users\User\.m2\repository\org\junit\platform\junit-platform-engine\1.10.3\junit-platform-engine-1.10.3.jar;"/>
    <property name="sun.cpu.endian" value="little"/>
    <property name="user.home" value="C:\Users\User"/>
    <property name="user.language" value="es"/>
    <property name="java.specification.vendor" value="Oracle Corporation"/>
    <property name="java.version.date" value="2024-10-15"/>
    <property name="java.home" value="C:\Program Files\Java\jdk-23"/>
    <property name="file.separator" value="\"/>
    <property name="basedir" value="C:\Users\User\OneDrive\Desktop\Segundo Semestre\POO\ESPE2410-OOPSW1973-TeamTNT\Code\AmeStore_InterV9"/>
    <property name="java.vm.compressedOopsMode" value="Zero based"/>
    <property name="line.separator" value="&#10;"/>
    <property name="java.vm.specification.vendor" value="Oracle Corporation"/>
    <property name="java.specification.name" value="Java Platform API Specification"/>
    <property name="surefire.real.class.path" value="C:\Users\User\AppData\Local\Temp\surefire14192469653105510869\surefirebooter-20250305223759870_3.jar"/>
    <property name="user.script" value=""/>
    <property name="sun.management.compiler" value="HotSpot 64-Bit Tiered Compilers"/>
    <property name="java.runtime.version" value="23.0.1+11-39"/>
    <property name="user.name" value="User"/>
    <property name="stdout.encoding" value="Cp1252"/>
    <property name="path.separator" value=";"/>
    <property name="os.version" value="10.0"/>
    <property name="java.runtime.name" value="Java(TM) SE Runtime Environment"/>
    <property name="file.encoding" value="UTF-8"/>
    <property name="java.vm.name" value="Java HotSpot(TM) 64-Bit Server VM"/>
    <property name="maven.ext.class.path" value="C:\Program Files\NetBeans-23\netbeans\java\maven-nblib\netbeans-eventspy.jar"/>
    <property name="localRepository" value="C:\Users\User\.m2\repository"/>
    <property name="java.vendor.url.bug" value="https://bugreport.java.com/bugreport/"/>
    <property name="java.io.tmpdir" value="C:\Users\User\AppData\Local\Temp\"/>
    <property name="java.version" value="23.0.1"/>
    <property name="user.dir" value="C:\Users\User\OneDrive\Desktop\Segundo Semestre\POO\ESPE2410-OOPSW1973-TeamTNT\Code\AmeStore_InterV9"/>
    <property name="os.arch" value="amd64"/>
    <property name="java.vm.specification.name" value="Java Virtual Machine Specification"/>
    <property name="sun.os.patch.level" value=""/>
    <property name="native.encoding" value="Cp1252"/>
    <property name="java.library.path" value="C:\Program Files\Java\jdk-23\bin;C:\WINDOWS\Sun\Java\bin;C:\WINDOWS\system32;C:\WINDOWS;C:\Program Files\Common Files\Oracle\Java\javapath;C:\WINDOWS\system32;C:\WINDOWS;C:\WINDOWS\System32\Wbem;C:\WINDOWS\System32\WindowsPowerShell\v1.0\;C:\WINDOWS\System32\OpenSSH\;C:\Program Files\nodejs\;C:\Program Files\Git\cmd;C:\Users\User\AppData\Local\Programs\Python\Python313\Scripts\;C:\Users\User\AppData\Local\Programs\Python\Python313\;C:\Users\User\AppData\Local\Programs\Python\Launcher\;C:\Users\User\AppData\Local\Microsoft\WindowsApps;C:\Users\User\AppData\Local\Programs\Microsoft VS Code\bin;C:\Users\User\AppData\Local\Programs\mongosh\;C:\Users\User\AppData\Roaming\npm;;."/>
    <property name="java.vm.info" value="mixed mode, sharing"/>
    <property name="stderr.encoding" value="Cp1252"/>
    <property name="java.vendor" value="Oracle Corporation"/>
    <property name="java.vm.version" value="23.0.1+11-39"/>
    <property name="sun.io.unicode.encoding" value="UnicodeLittle"/>
    <property name="java.class.version" value="67.0"/>
  </properties>
  <testcase name="testGetEmail" classname="ec.edu.espe.AmeStoreInventory.model.CustomerTest" time="0.049">
    <error message="Cannot invoke &quot;ec.edu.espe.AmeStoreInventory.model.Customer.getEmail()&quot; because &quot;instance&quot; is null" type="java.lang.NullPointerException"><![CDATA[java.lang.NullPointerException: Cannot invoke "ec.edu.espe.AmeStoreInventory.model.Customer.getEmail()" because "instance" is null
	at ec.edu.espe.AmeStoreInventory.model.CustomerTest.testGetEmail(CustomerTest.java:108)
	at java.base/java.lang.reflect.Method.invoke(Method.java:580)
	at java.base/java.util.ArrayList.forEach(ArrayList.java:1597)
	at java.base/java.util.ArrayList.forEach(ArrayList.java:1597)
]]></error>
    <system-out><![CDATA[getEmail
]]></system-out>
  </testcase>
  <testcase name="testGetPhone" classname="ec.edu.espe.AmeStoreInventory.model.CustomerTest" time="0.005">
    <error message="Cannot invoke &quot;ec.edu.espe.AmeStoreInventory.model.Customer.getPhone()&quot; because &quot;instance&quot; is null" type="java.lang.NullPointerException"><![CDATA[java.lang.NullPointerException: Cannot invoke "ec.edu.espe.AmeStoreInventory.model.Customer.getPhone()" because "instance" is null
	at ec.edu.espe.AmeStoreInventory.model.CustomerTest.testGetPhone(CustomerTest.java:135)
	at java.base/java.lang.reflect.Method.invoke(Method.java:580)
	at java.base/java.util.ArrayList.forEach(ArrayList.java:1597)
	at java.base/java.util.ArrayList.forEach(ArrayList.java:1597)
]]></error>
    <system-out><![CDATA[getPhone
]]></system-out>
  </testcase>
  <testcase name="testGetId" classname="ec.edu.espe.AmeStoreInventory.model.CustomerTest" time="0.006">
    <error message="Cannot invoke &quot;ec.edu.espe.AmeStoreInventory.model.Customer.getId()&quot; because &quot;instance&quot; is null" type="java.lang.NullPointerException"><![CDATA[java.lang.NullPointerException: Cannot invoke "ec.edu.espe.AmeStoreInventory.model.Customer.getId()" because "instance" is null
	at ec.edu.espe.AmeStoreInventory.model.CustomerTest.testGetId(CustomerTest.java:27)
	at java.base/java.lang.reflect.Method.invoke(Method.java:580)
	at java.base/java.util.ArrayList.forEach(ArrayList.java:1597)
	at java.base/java.util.ArrayList.forEach(ArrayList.java:1597)
]]></error>
    <system-out><![CDATA[getId
]]></system-out>
  </testcase>
  <testcase name="testSetId" classname="ec.edu.espe.AmeStoreInventory.model.CustomerTest" time="0.004">
    <error message="Cannot invoke &quot;ec.edu.espe.AmeStoreInventory.model.Customer.setId(String)&quot; because &quot;instance&quot; is null" type="java.lang.NullPointerException"><![CDATA[java.lang.NullPointerException: Cannot invoke "ec.edu.espe.AmeStoreInventory.model.Customer.setId(String)" because "instance" is null
	at ec.edu.espe.AmeStoreInventory.model.CustomerTest.testSetId(CustomerTest.java:41)
	at java.base/java.lang.reflect.Method.invoke(Method.java:580)
	at java.base/java.util.ArrayList.forEach(ArrayList.java:1597)
	at java.base/java.util.ArrayList.forEach(ArrayList.java:1597)
]]></error>
    <system-out><![CDATA[setId
]]></system-out>
  </testcase>
  <testcase name="testToString" classname="ec.edu.espe.AmeStoreInventory.model.CustomerTest" time="0.004">
    <error message="Cannot invoke &quot;ec.edu.espe.AmeStoreInventory.model.Customer.toString()&quot; because &quot;instance&quot; is null" type="java.lang.NullPointerException"><![CDATA[java.lang.NullPointerException: Cannot invoke "ec.edu.espe.AmeStoreInventory.model.Customer.toString()" because "instance" is null
	at ec.edu.espe.AmeStoreInventory.model.CustomerTest.testToString(CustomerTest.java:162)
	at java.base/java.lang.reflect.Method.invoke(Method.java:580)
	at java.base/java.util.ArrayList.forEach(ArrayList.java:1597)
	at java.base/java.util.ArrayList.forEach(ArrayList.java:1597)
]]></error>
    <system-out><![CDATA[toString
]]></system-out>
  </testcase>
  <testcase name="testGetAddress" classname="ec.edu.espe.AmeStoreInventory.model.CustomerTest" time="0.003">
    <error message="Cannot invoke &quot;ec.edu.espe.AmeStoreInventory.model.Customer.getAddress()&quot; because &quot;instance&quot; is null" type="java.lang.NullPointerException"><![CDATA[java.lang.NullPointerException: Cannot invoke "ec.edu.espe.AmeStoreInventory.model.Customer.getAddress()" because "instance" is null
	at ec.edu.espe.AmeStoreInventory.model.CustomerTest.testGetAddress(CustomerTest.java:81)
	at java.base/java.lang.reflect.Method.invoke(Method.java:580)
	at java.base/java.util.ArrayList.forEach(ArrayList.java:1597)
	at java.base/java.util.ArrayList.forEach(ArrayList.java:1597)
]]></error>
    <system-out><![CDATA[getAddress
]]></system-out>
  </testcase>
  <testcase name="testGetName" classname="ec.edu.espe.AmeStoreInventory.model.CustomerTest" time="0.003">
    <error message="Cannot invoke &quot;ec.edu.espe.AmeStoreInventory.model.Customer.getName()&quot; because &quot;instance&quot; is null" type="java.lang.NullPointerException"><![CDATA[java.lang.NullPointerException: Cannot invoke "ec.edu.espe.AmeStoreInventory.model.Customer.getName()" because "instance" is null
	at ec.edu.espe.AmeStoreInventory.model.CustomerTest.testGetName(CustomerTest.java:54)
	at java.base/java.lang.reflect.Method.invoke(Method.java:580)
	at java.base/java.util.ArrayList.forEach(ArrayList.java:1597)
	at java.base/java.util.ArrayList.forEach(ArrayList.java:1597)
]]></error>
    <system-out><![CDATA[getName
]]></system-out>
  </testcase>
  <testcase name="testSetAddress" classname="ec.edu.espe.AmeStoreInventory.model.CustomerTest" time="0.001">
    <error message="Cannot invoke &quot;ec.edu.espe.AmeStoreInventory.model.Customer.setAddress(String)&quot; because &quot;instance&quot; is null" type="java.lang.NullPointerException"><![CDATA[java.lang.NullPointerException: Cannot invoke "ec.edu.espe.AmeStoreInventory.model.Customer.setAddress(String)" because "instance" is null
	at ec.edu.espe.AmeStoreInventory.model.CustomerTest.testSetAddress(CustomerTest.java:95)
	at java.base/java.lang.reflect.Method.invoke(Method.java:580)
	at java.base/java.util.ArrayList.forEach(ArrayList.java:1597)
	at java.base/java.util.ArrayList.forEach(ArrayList.java:1597)
]]></error>
    <system-out><![CDATA[setAddress
]]></system-out>
  </testcase>
  <testcase name="testSetName" classname="ec.edu.espe.AmeStoreInventory.model.CustomerTest" time="0.003">
    <error message="Cannot invoke &quot;ec.edu.espe.AmeStoreInventory.model.Customer.setName(String)&quot; because &quot;instance&quot; is null" type="java.lang.NullPointerException"><![CDATA[java.lang.NullPointerException: Cannot invoke "ec.edu.espe.AmeStoreInventory.model.Customer.setName(String)" because "instance" is null
	at ec.edu.espe.AmeStoreInventory.model.CustomerTest.testSetName(CustomerTest.java:68)
	at java.base/java.lang.reflect.Method.invoke(Method.java:580)
	at java.base/java.util.ArrayList.forEach(ArrayList.java:1597)
	at java.base/java.util.ArrayList.forEach(ArrayList.java:1597)
]]></error>
    <system-out><![CDATA[setName
]]></system-out>
  </testcase>
  <testcase name="testSetEmail" classname="ec.edu.espe.AmeStoreInventory.model.CustomerTest" time="0.002">
    <error message="Cannot invoke &quot;ec.edu.espe.AmeStoreInventory.model.Customer.setEmail(String)&quot; because &quot;instance&quot; is null" type="java.lang.NullPointerException"><![CDATA[java.lang.NullPointerException: Cannot invoke "ec.edu.espe.AmeStoreInventory.model.Customer.setEmail(String)" because "instance" is null
	at ec.edu.espe.AmeStoreInventory.model.CustomerTest.testSetEmail(CustomerTest.java:122)
	at java.base/java.lang.reflect.Method.invoke(Method.java:580)
	at java.base/java.util.ArrayList.forEach(ArrayList.java:1597)
	at java.base/java.util.ArrayList.forEach(ArrayList.java:1597)
]]></error>
    <system-out><![CDATA[setEmail
]]></system-out>
  </testcase>
  <testcase name="testSetPhone" classname="ec.edu.espe.AmeStoreInventory.model.CustomerTest" time="0.003">
    <error message="Cannot invoke &quot;ec.edu.espe.AmeStoreInventory.model.Customer.setPhone(String)&quot; because &quot;instance&quot; is null" type="java.lang.NullPointerException"><![CDATA[java.lang.NullPointerException: Cannot invoke "ec.edu.espe.AmeStoreInventory.model.Customer.setPhone(String)" because "instance" is null
	at ec.edu.espe.AmeStoreInventory.model.CustomerTest.testSetPhone(CustomerTest.java:149)
	at java.base/java.lang.reflect.Method.invoke(Method.java:580)
	at java.base/java.util.ArrayList.forEach(ArrayList.java:1597)
	at java.base/java.util.ArrayList.forEach(ArrayList.java:1597)
]]></error>
    <system-out><![CDATA[setPhone
]]></system-out>
  </testcase>
</testsuite>