<?xml version="1.0" encoding="UTF-8"?>
<testsuite xmlns:xsi="http://www.w3.org/2001/XMLSchema-instance" xsi:noNamespaceSchemaLocation="https://maven.apache.org/surefire/maven-surefire-plugin/xsd/surefire-test-report-3.0.xsd" version="3.0" name="ec.edu.espe.AmeStoreInventory.model.InvoiceTest" time="0.192" tests="18" errors="18" skipped="0" failures="0">
  <properties>
    <property name="java.specification.version" value="23"/>
    <property name="sun.cpu.isalist" value="amd64"/>
    <property name="sun.jnu.encoding" value="Cp1252"/>
    <property name="java.class.path" value="C:\Users\User\OneDrive\Desktop\Segundo Semestre\POO\ESPE2410-OOPSW1973-TeamTNT\Code\AmeStore_InterV9\target\test-classes;C:\Users\User\OneDrive\Desktop\Segundo Semestre\POO\ESPE2410-OOPSW1973-TeamTNT\Code\AmeStore_InterV9\target\classes;C:\Users\User\.m2\repository\org\mongodb\mongodb-driver-sync\5.1.1\mongodb-driver-sync-5.1.1.jar;C:\Users\User\.m2\repository\org\mongodb\bson\5.1.1\bson-5.1.1.jar;C:\Users\User\.m2\repository\org\mongodb\mongodb-driver-core\5.1.1\mongodb-driver-core-5.1.1.jar;C:\Users\User\.m2\repository\org\mongodb\bson-record-codec\5.1.1\bson-record-codec-5.1.1.jar;C:\Users\User\.m2\repository\org\netbeans\external\AbsoluteLayout\RELEASE210\AbsoluteLayout-RELEASE210.jar;C:\Users\User\.m2\repository\com\itextpdf\itextpdf\5.5.13.2\itextpdf-5.5.13.2.jar;C:\Users\User\.m2\repository\commons-codec\commons-codec\1.15\commons-codec-1.15.jar;C:\Users\User\.m2\repository\com\google\code\gson\gson\2.8.9\gson-2.8.9.jar;C:\Users\User\.m2\repository\org\slf4j\slf4j-api\1.7.30\slf4j-api-1.7.30.jar;C:\Users\User\.m2\repository\org\slf4j\slf4j-simple\1.7.30\slf4j-simple-1.7.30.jar;C:\Users\User\.m2\repository\org\junit\jupiter\junit-jupiter-api\5.10.3\junit-jupiter-api-5.10.3.jar;C:\Users\User\.m2\repository\org\opentest4j\opentest4j\1.3.0\opentest4j-1.3.0.jar;C:\Users\User\.m2\repository\org\junit\platform\junit-platform-commons\1.10.3\junit-platform-commons-1.10.3.jar;C:\Users\User\.m2\repository\org\apiguardian\apiguardian-api\1.1.2\apiguardian-api-1.1.2.jar;C:\Users\User\.m2\repository\org\junit\jupiter\junit-jupiter-params\5.10.3\junit-jupiter-params-5.10.3.jar;C:\Users\User\.m2\repository\org\junit\jupiter\junit-jupiter-engine\5.10.3\junit-jupiter-engine-5.10.3.jar;C:\Users\User\.m2\repository\org\junit\platform\junit-platform-engine\1.10.3\junit-platform-engine-1.10.3.jar;"/>
    <property name="java.vm.vendor" value="Oracle Corporation"/>
    <property name="sun.arch.data.model" value="64"/>
    <property name="user.variant" value=""/>
    <property name="java.vendor.url" value="https://java.oracle.com/"/>
    <property name="user.timezone" value="America/Guayaquil"/>
    <property name="os.name" value="Windows 11"/>
    <property name="java.vm.specification.version" value="23"/>
    <property name="user.country" value="EC"/>
    <property name="sun.java.launcher" value="SUN_STANDARD"/>
    <property name="sun.boot.library.path" value="C:\Program Files\Java\jdk-23\bin"/>
    <property name="sun.java.command" value="C:\Users\User\AppData\Local\Temp\surefire3517755250224192858\surefirebooter-20250305224325923_3.jar C:\Users\User\AppData\Local\Temp\surefire3517755250224192858 2025-03-05T22-43-25_616-jvmRun1 surefire-20250305224325923_1tmp surefire_0-20250305224325923_2tmp"/>
    <property name="jdk.debug" value="release"/>
    <property name="test" value="ec.edu.espe.AmeStoreInventory.model.InvoiceTest"/>
    <property name="surefire.test.class.path" value="C:\Users\User\OneDrive\Desktop\Segundo Semestre\POO\ESPE2410-OOPSW1973-TeamTNT\Code\AmeStore_InterV9\target\test-classes;C:\Users\User\OneDrive\Desktop\Segundo Semestre\POO\ESPE2410-OOPSW1973-TeamTNT\Code\AmeStore_InterV9\target\classes;C:\Users\User\.m2\repository\org\mongodb\mongodb-driver-sync\5.1.1\mongodb-driver-sync-5.1.1.jar;C:\Users\User\.m2\repository\org\mongodb\bson\5.1.1\bson-5.1.1.jar;C:\Users\User\.m2\repository\org\mongodb\mongodb-driver-core\5.1.1\mongodb-driver-core-5.1.1.jar;C:\Users\User\.m2\repository\org\mongodb\bson-record-codec\5.1.1\bson-record-codec-5.1.1.jar;C:\Users\User\.m2\repository\org\netbeans\external\AbsoluteLayout\RELEASE210\AbsoluteLayout-RELEASE210.jar;C:\Users\User\.m2\repository\com\itextpdf\itextpdf\5.5.13.2\itextpdf-5.5.13.2.jar;C:\Users\User\.m2\repository\commons-codec\commons-codec\1.15\commons-codec-1.15.jar;C:\Users\User\.m2\repository\com\google\code\gson\gson\2.8.9\gson-2.8.9.jar;C:\Users\User\.m2\repository\org\slf4j\slf4j-api\1.7.30\slf4j-api-1.7.30.jar;C:\Users\User\.m2\repository\org\slf4j\slf4j-simple\1.7.30\slf4j-simple-1.7.30.jar;C:\Users\User\.m2\repository\org\junit\jupiter\junit-jupiter-api\5.10.3\junit-jupiter-api-5.10.3.jar;C:\Users\User\.m2\repository\org\opentest4j\opentest4j\1.3.0\opentest4j-1.3.0.jar;C:\Users\User\.m2\repository\org\junit\platform\junit-platform-commons\1.10.3\junit-platform-commons-1.10.3.jar;C:\Users\User\.m2\repository\org\apiguardian\apiguardian-api\1.1.2\apiguardian-api-1.1.2.jar;C:\Users\User\.m2\repository\org\junit\jupiter\junit-jupiter-params\5.10.3\junit-jupiter-params-5.10.3.jar;C:\Users\User\.m2\repository\org\junit\jupiter\junit-jupiter-engine\5.10.3\junit-jupiter-engine-5.10.3.jar;C:\Users\User\.m2\repository\org\junit\platform\junit-platform-engine\1.10.3\junit-platform-engine-1.10.3.jar;"/>
    <property name="sun.cpu.endian" value="little"/>
    <property name="user.home" value="C:\Users\User"/>
    <property name="user.language" value="es"/>
    <property name="java.specification.vendor" value="Oracle Corporation"/>
    <property name="java.version.date" value="2024-10-15"/>
    <property name="java.home" value="C:\Program Files\Java\jdk-23"/>
    <property name="file.separator" value="\"/>
    <property name="basedir" value="C:\Users\User\OneDrive\Desktop\Segundo Semestre\POO\ESPE2410-OOPSW1973-TeamTNT\Code\AmeStore_InterV9"/>
    <property name="java.vm.compressedOopsMode" value="Zero based"/>
    <property name="line.separator" value="&#10;"/>
    <property name="java.vm.specification.vendor" value="Oracle Corporation"/>
    <property name="java.specification.name" value="Java Platform API Specification"/>
    <property name="surefire.real.class.path" value="C:\Users\User\AppData\Local\Temp\surefire3517755250224192858\surefirebooter-20250305224325923_3.jar"/>
    <property name="user.script" value=""/>
    <property name="sun.management.compiler" value="HotSpot 64-Bit Tiered Compilers"/>
    <property name="java.runtime.version" value="23.0.1+11-39"/>
    <property name="user.name" value="User"/>
    <property name="stdout.encoding" value="Cp1252"/>
    <property name="path.separator" value=";"/>
    <property name="os.version" value="10.0"/>
    <property name="java.runtime.name" value="Java(TM) SE Runtime Environment"/>
    <property name="file.encoding" value="UTF-8"/>
    <property name="java.vm.name" value="Java HotSpot(TM) 64-Bit Server VM"/>
    <property name="maven.ext.class.path" value="C:\Program Files\NetBeans-23\netbeans\java\maven-nblib\netbeans-eventspy.jar"/>
    <property name="localRepository" value="C:\Users\User\.m2\repository"/>
    <property name="java.vendor.url.bug" value="https://bugreport.java.com/bugreport/"/>
    <property name="java.io.tmpdir" value="C:\Users\User\AppData\Local\Temp\"/>
    <property name="java.version" value="23.0.1"/>
    <property name="user.dir" value="C:\Users\User\OneDrive\Desktop\Segundo Semestre\POO\ESPE2410-OOPSW1973-TeamTNT\Code\AmeStore_InterV9"/>
    <property name="os.arch" value="amd64"/>
    <property name="java.vm.specification.name" value="Java Virtual Machine Specification"/>
    <property name="sun.os.patch.level" value=""/>
    <property name="native.encoding" value="Cp1252"/>
    <property name="java.library.path" value="C:\Program Files\Java\jdk-23\bin;C:\WINDOWS\Sun\Java\bin;C:\WINDOWS\system32;C:\WINDOWS;C:\Program Files\Common Files\Oracle\Java\javapath;C:\WINDOWS\system32;C:\WINDOWS;C:\WINDOWS\System32\Wbem;C:\WINDOWS\System32\WindowsPowerShell\v1.0\;C:\WINDOWS\System32\OpenSSH\;C:\Program Files\nodejs\;C:\Program Files\Git\cmd;C:\Users\User\AppData\Local\Programs\Python\Python313\Scripts\;C:\Users\User\AppData\Local\Programs\Python\Python313\;C:\Users\User\AppData\Local\Programs\Python\Launcher\;C:\Users\User\AppData\Local\Microsoft\WindowsApps;C:\Users\User\AppData\Local\Programs\Microsoft VS Code\bin;C:\Users\User\AppData\Local\Programs\mongosh\;C:\Users\User\AppData\Roaming\npm;;."/>
    <property name="java.vm.info" value="mixed mode, sharing"/>
    <property name="stderr.encoding" value="Cp1252"/>
    <property name="java.vendor" value="Oracle Corporation"/>
    <property name="java.vm.version" value="23.0.1+11-39"/>
    <property name="sun.io.unicode.encoding" value="UnicodeLittle"/>
    <property name="java.class.version" value="67.0"/>
  </properties>
  <testcase name="testGetCustomerAddress" classname="ec.edu.espe.AmeStoreInventory.model.InvoiceTest" time="0.047">
    <error message="Cannot invoke &quot;ec.edu.espe.AmeStoreInventory.model.Invoice.getCustomerAddress()&quot; because &quot;instance&quot; is null" type="java.lang.NullPointerException"><![CDATA[java.lang.NullPointerException: Cannot invoke "ec.edu.espe.AmeStoreInventory.model.Invoice.getCustomerAddress()" because "instance" is null
	at ec.edu.espe.AmeStoreInventory.model.InvoiceTest.testGetCustomerAddress(InvoiceTest.java:82)
	at java.base/java.lang.reflect.Method.invoke(Method.java:580)
	at java.base/java.util.ArrayList.forEach(ArrayList.java:1597)
	at java.base/java.util.ArrayList.forEach(ArrayList.java:1597)
]]></error>
    <system-out><![CDATA[getCustomerAddress
]]></system-out>
  </testcase>
  <testcase name="testGetCustomerName" classname="ec.edu.espe.AmeStoreInventory.model.InvoiceTest" time="0.004">
    <error message="Cannot invoke &quot;ec.edu.espe.AmeStoreInventory.model.Invoice.getCustomerName()&quot; because &quot;instance&quot; is null" type="java.lang.NullPointerException"><![CDATA[java.lang.NullPointerException: Cannot invoke "ec.edu.espe.AmeStoreInventory.model.Invoice.getCustomerName()" because "instance" is null
	at ec.edu.espe.AmeStoreInventory.model.InvoiceTest.testGetCustomerName(InvoiceTest.java:55)
	at java.base/java.lang.reflect.Method.invoke(Method.java:580)
	at java.base/java.util.ArrayList.forEach(ArrayList.java:1597)
	at java.base/java.util.ArrayList.forEach(ArrayList.java:1597)
]]></error>
    <system-out><![CDATA[getCustomerName
]]></system-out>
  </testcase>
  <testcase name="testSetCustomerPhone" classname="ec.edu.espe.AmeStoreInventory.model.InvoiceTest" time="0.005">
    <error message="Cannot invoke &quot;ec.edu.espe.AmeStoreInventory.model.Invoice.setCustomerPhone(String)&quot; because &quot;instance&quot; is null" type="java.lang.NullPointerException"><![CDATA[java.lang.NullPointerException: Cannot invoke "ec.edu.espe.AmeStoreInventory.model.Invoice.setCustomerPhone(String)" because "instance" is null
	at ec.edu.espe.AmeStoreInventory.model.InvoiceTest.testSetCustomerPhone(InvoiceTest.java:123)
	at java.base/java.lang.reflect.Method.invoke(Method.java:580)
	at java.base/java.util.ArrayList.forEach(ArrayList.java:1597)
	at java.base/java.util.ArrayList.forEach(ArrayList.java:1597)
]]></error>
    <system-out><![CDATA[setCustomerPhone
]]></system-out>
  </testcase>
  <testcase name="testGetItems" classname="ec.edu.espe.AmeStoreInventory.model.InvoiceTest" time="0.005">
    <error message="Cannot invoke &quot;ec.edu.espe.AmeStoreInventory.model.Invoice.getItems()&quot; because &quot;instance&quot; is null" type="java.lang.NullPointerException"><![CDATA[java.lang.NullPointerException: Cannot invoke "ec.edu.espe.AmeStoreInventory.model.Invoice.getItems()" because "instance" is null
	at ec.edu.espe.AmeStoreInventory.model.InvoiceTest.testGetItems(InvoiceTest.java:136)
	at java.base/java.lang.reflect.Method.invoke(Method.java:580)
	at java.base/java.util.ArrayList.forEach(ArrayList.java:1597)
	at java.base/java.util.ArrayList.forEach(ArrayList.java:1597)
]]></error>
    <system-out><![CDATA[getItems
]]></system-out>
  </testcase>
  <testcase name="testGetTotal" classname="ec.edu.espe.AmeStoreInventory.model.InvoiceTest" time="0.004">
    <error message="Cannot invoke &quot;ec.edu.espe.AmeStoreInventory.model.Invoice.getTotal()&quot; because &quot;instance&quot; is null" type="java.lang.NullPointerException"><![CDATA[java.lang.NullPointerException: Cannot invoke "ec.edu.espe.AmeStoreInventory.model.Invoice.getTotal()" because "instance" is null
	at ec.edu.espe.AmeStoreInventory.model.InvoiceTest.testGetTotal(InvoiceTest.java:217)
	at java.base/java.lang.reflect.Method.invoke(Method.java:580)
	at java.base/java.util.ArrayList.forEach(ArrayList.java:1597)
	at java.base/java.util.ArrayList.forEach(ArrayList.java:1597)
]]></error>
    <system-out><![CDATA[getTotal
]]></system-out>
  </testcase>
  <testcase name="testGetId" classname="ec.edu.espe.AmeStoreInventory.model.InvoiceTest" time="0.004">
    <error message="Cannot invoke &quot;ec.edu.espe.AmeStoreInventory.model.Invoice.getId()&quot; because &quot;instance&quot; is null" type="java.lang.NullPointerException"><![CDATA[java.lang.NullPointerException: Cannot invoke "ec.edu.espe.AmeStoreInventory.model.Invoice.getId()" because "instance" is null
	at ec.edu.espe.AmeStoreInventory.model.InvoiceTest.testGetId(InvoiceTest.java:28)
	at java.base/java.lang.reflect.Method.invoke(Method.java:580)
	at java.base/java.util.ArrayList.forEach(ArrayList.java:1597)
	at java.base/java.util.ArrayList.forEach(ArrayList.java:1597)
]]></error>
    <system-out><![CDATA[getId
]]></system-out>
  </testcase>
  <testcase name="testSetId" classname="ec.edu.espe.AmeStoreInventory.model.InvoiceTest" time="0.003">
    <error message="Cannot invoke &quot;ec.edu.espe.AmeStoreInventory.model.Invoice.setId(String)&quot; because &quot;instance&quot; is null" type="java.lang.NullPointerException"><![CDATA[java.lang.NullPointerException: Cannot invoke "ec.edu.espe.AmeStoreInventory.model.Invoice.setId(String)" because "instance" is null
	at ec.edu.espe.AmeStoreInventory.model.InvoiceTest.testSetId(InvoiceTest.java:42)
	at java.base/java.lang.reflect.Method.invoke(Method.java:580)
	at java.base/java.util.ArrayList.forEach(ArrayList.java:1597)
	at java.base/java.util.ArrayList.forEach(ArrayList.java:1597)
]]></error>
    <system-out><![CDATA[setId
]]></system-out>
  </testcase>
  <testcase name="testSetCustomerName" classname="ec.edu.espe.AmeStoreInventory.model.InvoiceTest" time="0.003">
    <error message="Cannot invoke &quot;ec.edu.espe.AmeStoreInventory.model.Invoice.setCustomerName(String)&quot; because &quot;instance&quot; is null" type="java.lang.NullPointerException"><![CDATA[java.lang.NullPointerException: Cannot invoke "ec.edu.espe.AmeStoreInventory.model.Invoice.setCustomerName(String)" because "instance" is null
	at ec.edu.espe.AmeStoreInventory.model.InvoiceTest.testSetCustomerName(InvoiceTest.java:69)
	at java.base/java.lang.reflect.Method.invoke(Method.java:580)
	at java.base/java.util.ArrayList.forEach(ArrayList.java:1597)
	at java.base/java.util.ArrayList.forEach(ArrayList.java:1597)
]]></error>
    <system-out><![CDATA[setCustomerName
]]></system-out>
  </testcase>
  <testcase name="testSetCustomerAddress" classname="ec.edu.espe.AmeStoreInventory.model.InvoiceTest" time="0.004">
    <error message="Cannot invoke &quot;ec.edu.espe.AmeStoreInventory.model.Invoice.setCustomerAddress(String)&quot; because &quot;instance&quot; is null" type="java.lang.NullPointerException"><![CDATA[java.lang.NullPointerException: Cannot invoke "ec.edu.espe.AmeStoreInventory.model.Invoice.setCustomerAddress(String)" because "instance" is null
	at ec.edu.espe.AmeStoreInventory.model.InvoiceTest.testSetCustomerAddress(InvoiceTest.java:96)
	at java.base/java.lang.reflect.Method.invoke(Method.java:580)
	at java.base/java.util.ArrayList.forEach(ArrayList.java:1597)
	at java.base/java.util.ArrayList.forEach(ArrayList.java:1597)
]]></error>
    <system-out><![CDATA[setCustomerAddress
]]></system-out>
  </testcase>
  <testcase name="testSetSubtotal" classname="ec.edu.espe.AmeStoreInventory.model.InvoiceTest" time="0.002">
    <error message="Cannot invoke &quot;ec.edu.espe.AmeStoreInventory.model.Invoice.setSubtotal(double)&quot; because &quot;instance&quot; is null" type="java.lang.NullPointerException"><![CDATA[java.lang.NullPointerException: Cannot invoke "ec.edu.espe.AmeStoreInventory.model.Invoice.setSubtotal(double)" because "instance" is null
	at ec.edu.espe.AmeStoreInventory.model.InvoiceTest.testSetSubtotal(InvoiceTest.java:177)
	at java.base/java.lang.reflect.Method.invoke(Method.java:580)
	at java.base/java.util.ArrayList.forEach(ArrayList.java:1597)
	at java.base/java.util.ArrayList.forEach(ArrayList.java:1597)
]]></error>
    <system-out><![CDATA[setSubtotal
]]></system-out>
  </testcase>
  <testcase name="testGetSubtotal" classname="ec.edu.espe.AmeStoreInventory.model.InvoiceTest" time="0.003">
    <error message="Cannot invoke &quot;ec.edu.espe.AmeStoreInventory.model.Invoice.getSubtotal()&quot; because &quot;instance&quot; is null" type="java.lang.NullPointerException"><![CDATA[java.lang.NullPointerException: Cannot invoke "ec.edu.espe.AmeStoreInventory.model.Invoice.getSubtotal()" because "instance" is null
	at ec.edu.espe.AmeStoreInventory.model.InvoiceTest.testGetSubtotal(InvoiceTest.java:163)
	at java.base/java.lang.reflect.Method.invoke(Method.java:580)
	at java.base/java.util.ArrayList.forEach(ArrayList.java:1597)
	at java.base/java.util.ArrayList.forEach(ArrayList.java:1597)
]]></error>
    <system-out><![CDATA[getSubtotal
]]></system-out>
  </testcase>
  <testcase name="testGetCustomerPhone" classname="ec.edu.espe.AmeStoreInventory.model.InvoiceTest" time="0.003">
    <error message="Cannot invoke &quot;ec.edu.espe.AmeStoreInventory.model.Invoice.getCustomerPhone()&quot; because &quot;instance&quot; is null" type="java.lang.NullPointerException"><![CDATA[java.lang.NullPointerException: Cannot invoke "ec.edu.espe.AmeStoreInventory.model.Invoice.getCustomerPhone()" because "instance" is null
	at ec.edu.espe.AmeStoreInventory.model.InvoiceTest.testGetCustomerPhone(InvoiceTest.java:109)
	at java.base/java.lang.reflect.Method.invoke(Method.java:580)
	at java.base/java.util.ArrayList.forEach(ArrayList.java:1597)
	at java.base/java.util.ArrayList.forEach(ArrayList.java:1597)
]]></error>
    <system-out><![CDATA[getCustomerPhone
]]></system-out>
  </testcase>
  <testcase name="testHashCode" classname="ec.edu.espe.AmeStoreInventory.model.InvoiceTest" time="0.003">
    <error message="Cannot invoke &quot;ec.edu.espe.AmeStoreInventory.model.Invoice.hashCode()&quot; because &quot;instance&quot; is null" type="java.lang.NullPointerException"><![CDATA[java.lang.NullPointerException: Cannot invoke "ec.edu.espe.AmeStoreInventory.model.Invoice.hashCode()" because "instance" is null
	at ec.edu.espe.AmeStoreInventory.model.InvoiceTest.testHashCode(InvoiceTest.java:244)
	at java.base/java.lang.reflect.Method.invoke(Method.java:580)
	at java.base/java.util.ArrayList.forEach(ArrayList.java:1597)
	at java.base/java.util.ArrayList.forEach(ArrayList.java:1597)
]]></error>
    <system-out><![CDATA[hashCode
]]></system-out>
  </testcase>
  <testcase name="testEquals" classname="ec.edu.espe.AmeStoreInventory.model.InvoiceTest" time="0.003">
    <error message="Cannot invoke &quot;ec.edu.espe.AmeStoreInventory.model.Invoice.equals(Object)&quot; because &quot;instance&quot; is null" type="java.lang.NullPointerException"><![CDATA[java.lang.NullPointerException: Cannot invoke "ec.edu.espe.AmeStoreInventory.model.Invoice.equals(Object)" because "instance" is null
	at ec.edu.espe.AmeStoreInventory.model.InvoiceTest.testEquals(InvoiceTest.java:259)
	at java.base/java.lang.reflect.Method.invoke(Method.java:580)
	at java.base/java.util.ArrayList.forEach(ArrayList.java:1597)
	at java.base/java.util.ArrayList.forEach(ArrayList.java:1597)
]]></error>
    <system-out><![CDATA[equals
]]></system-out>
  </testcase>
  <testcase name="testGetIva" classname="ec.edu.espe.AmeStoreInventory.model.InvoiceTest" time="0.002">
    <error message="Cannot invoke &quot;ec.edu.espe.AmeStoreInventory.model.Invoice.getIva()&quot; because &quot;instance&quot; is null" type="java.lang.NullPointerException"><![CDATA[java.lang.NullPointerException: Cannot invoke "ec.edu.espe.AmeStoreInventory.model.Invoice.getIva()" because "instance" is null
	at ec.edu.espe.AmeStoreInventory.model.InvoiceTest.testGetIva(InvoiceTest.java:190)
	at java.base/java.lang.reflect.Method.invoke(Method.java:580)
	at java.base/java.util.ArrayList.forEach(ArrayList.java:1597)
	at java.base/java.util.ArrayList.forEach(ArrayList.java:1597)
]]></error>
    <system-out><![CDATA[getIva
]]></system-out>
  </testcase>
  <testcase name="testSetIva" classname="ec.edu.espe.AmeStoreInventory.model.InvoiceTest" time="0.002">
    <error message="Cannot invoke &quot;ec.edu.espe.AmeStoreInventory.model.Invoice.setIva(double)&quot; because &quot;instance&quot; is null" type="java.lang.NullPointerException"><![CDATA[java.lang.NullPointerException: Cannot invoke "ec.edu.espe.AmeStoreInventory.model.Invoice.setIva(double)" because "instance" is null
	at ec.edu.espe.AmeStoreInventory.model.InvoiceTest.testSetIva(InvoiceTest.java:204)
	at java.base/java.lang.reflect.Method.invoke(Method.java:580)
	at java.base/java.util.ArrayList.forEach(ArrayList.java:1597)
	at java.base/java.util.ArrayList.forEach(ArrayList.java:1597)
]]></error>
    <system-out><![CDATA[setIva
]]></system-out>
  </testcase>
  <testcase name="testSetItems" classname="ec.edu.espe.AmeStoreInventory.model.InvoiceTest" time="0.002">
    <error message="Cannot invoke &quot;ec.edu.espe.AmeStoreInventory.model.Invoice.setItems(java.util.List)&quot; because &quot;instance&quot; is null" type="java.lang.NullPointerException"><![CDATA[java.lang.NullPointerException: Cannot invoke "ec.edu.espe.AmeStoreInventory.model.Invoice.setItems(java.util.List)" because "instance" is null
	at ec.edu.espe.AmeStoreInventory.model.InvoiceTest.testSetItems(InvoiceTest.java:150)
	at java.base/java.lang.reflect.Method.invoke(Method.java:580)
	at java.base/java.util.ArrayList.forEach(ArrayList.java:1597)
	at java.base/java.util.ArrayList.forEach(ArrayList.java:1597)
]]></error>
    <system-out><![CDATA[setItems
]]></system-out>
  </testcase>
  <testcase name="testSetTotal" classname="ec.edu.espe.AmeStoreInventory.model.InvoiceTest" time="0.002">
    <error message="Cannot invoke &quot;ec.edu.espe.AmeStoreInventory.model.Invoice.setTotal(double)&quot; because &quot;instance&quot; is null" type="java.lang.NullPointerException"><![CDATA[java.lang.NullPointerException: Cannot invoke "ec.edu.espe.AmeStoreInventory.model.Invoice.setTotal(double)" because "instance" is null
	at ec.edu.espe.AmeStoreInventory.model.InvoiceTest.testSetTotal(InvoiceTest.java:231)
	at java.base/java.lang.reflect.Method.invoke(Method.java:580)
	at java.base/java.util.ArrayList.forEach(ArrayList.java:1597)
	at java.base/java.util.ArrayList.forEach(ArrayList.java:1597)
]]></error>
    <system-out><![CDATA[setTotal
]]></system-out>
  </testcase>
</testsuite>