<?xml version="1.0" encoding="UTF-8"?>
<testsuite xmlns:xsi="http://www.w3.org/2001/XMLSchema-instance" xsi:noNamespaceSchemaLocation="https://maven.apache.org/surefire/maven-surefire-plugin/xsd/surefire-test-report-3.0.xsd" version="3.0" name="ec.edu.espe.AmeStoreInventory.controller.ProductControllerTest" time="91.555" tests="8" errors="1" skipped="0" failures="7">
  <properties>
    <property name="java.specification.version" value="23"/>
    <property name="sun.cpu.isalist" value="amd64"/>
    <property name="sun.jnu.encoding" value="Cp1252"/>
    <property name="sun.awt.enableExtraMouseButtons" value="true"/>
    <property name="java.class.path" value="C:\Users\User\OneDrive\Desktop\Segundo Semestre\POO\ESPE2410-OOPSW1973-TeamTNT\Code\AmeStore_InterV9\target\test-classes;C:\Users\User\OneDrive\Desktop\Segundo Semestre\POO\ESPE2410-OOPSW1973-TeamTNT\Code\AmeStore_InterV9\target\classes;C:\Users\User\.m2\repository\org\mongodb\mongodb-driver-sync\5.1.1\mongodb-driver-sync-5.1.1.jar;C:\Users\User\.m2\repository\org\mongodb\bson\5.1.1\bson-5.1.1.jar;C:\Users\User\.m2\repository\org\mongodb\mongodb-driver-core\5.1.1\mongodb-driver-core-5.1.1.jar;C:\Users\User\.m2\repository\org\mongodb\bson-record-codec\5.1.1\bson-record-codec-5.1.1.jar;C:\Users\User\.m2\repository\org\netbeans\external\AbsoluteLayout\RELEASE210\AbsoluteLayout-RELEASE210.jar;C:\Users\User\.m2\repository\com\itextpdf\itextpdf\5.5.13.2\itextpdf-5.5.13.2.jar;C:\Users\User\.m2\repository\commons-codec\commons-codec\1.15\commons-codec-1.15.jar;C:\Users\User\.m2\repository\com\google\code\gson\gson\2.8.9\gson-2.8.9.jar;C:\Users\User\.m2\repository\org\slf4j\slf4j-api\1.7.30\slf4j-api-1.7.30.jar;C:\Users\User\.m2\repository\org\slf4j\slf4j-simple\1.7.30\slf4j-simple-1.7.30.jar;C:\Users\User\.m2\repository\org\junit\jupiter\junit-jupiter-api\5.10.3\junit-jupiter-api-5.10.3.jar;C:\Users\User\.m2\repository\org\opentest4j\opentest4j\1.3.0\opentest4j-1.3.0.jar;C:\Users\User\.m2\repository\org\junit\platform\junit-platform-commons\1.10.3\junit-platform-commons-1.10.3.jar;C:\Users\User\.m2\repository\org\apiguardian\apiguardian-api\1.1.2\apiguardian-api-1.1.2.jar;C:\Users\User\.m2\repository\org\junit\jupiter\junit-jupiter-params\5.10.3\junit-jupiter-params-5.10.3.jar;C:\Users\User\.m2\repository\org\junit\jupiter\junit-jupiter-engine\5.10.3\junit-jupiter-engine-5.10.3.jar;C:\Users\User\.m2\repository\org\junit\platform\junit-platform-engine\1.10.3\junit-platform-engine-1.10.3.jar;"/>
    <property name="java.vm.vendor" value="Oracle Corporation"/>
    <property name="sun.arch.data.model" value="64"/>
    <property name="user.variant" value=""/>
    <property name="java.vendor.url" value="https://java.oracle.com/"/>
    <property name="user.timezone" value="America/Guayaquil"/>
    <property name="os.name" value="Windows 11"/>
    <property name="java.vm.specification.version" value="23"/>
    <property name="user.country" value="EC"/>
    <property name="sun.java.launcher" value="SUN_STANDARD"/>
    <property name="sun.boot.library.path" value="C:\Program Files\Java\jdk-23\bin"/>
    <property name="sun.java.command" value="C:\Users\User\AppData\Local\Temp\surefire16985789807823509730\surefirebooter-20250305223247609_3.jar C:\Users\User\AppData\Local\Temp\surefire16985789807823509730 2025-03-05T22-32-47_356-jvmRun1 surefire-20250305223247609_1tmp surefire_0-20250305223247609_2tmp"/>
    <property name="jdk.debug" value="release"/>
    <property name="test" value="ec.edu.espe.AmeStoreInventory.controller.ProductControllerTest"/>
    <property name="surefire.test.class.path" value="C:\Users\User\OneDrive\Desktop\Segundo Semestre\POO\ESPE2410-OOPSW1973-TeamTNT\Code\AmeStore_InterV9\target\test-classes;C:\Users\User\OneDrive\Desktop\Segundo Semestre\POO\ESPE2410-OOPSW1973-TeamTNT\Code\AmeStore_InterV9\target\classes;C:\Users\User\.m2\repository\org\mongodb\mongodb-driver-sync\5.1.1\mongodb-driver-sync-5.1.1.jar;C:\Users\User\.m2\repository\org\mongodb\bson\5.1.1\bson-5.1.1.jar;C:\Users\User\.m2\repository\org\mongodb\mongodb-driver-core\5.1.1\mongodb-driver-core-5.1.1.jar;C:\Users\User\.m2\repository\org\mongodb\bson-record-codec\5.1.1\bson-record-codec-5.1.1.jar;C:\Users\User\.m2\repository\org\netbeans\external\AbsoluteLayout\RELEASE210\AbsoluteLayout-RELEASE210.jar;C:\Users\User\.m2\repository\com\itextpdf\itextpdf\5.5.13.2\itextpdf-5.5.13.2.jar;C:\Users\User\.m2\repository\commons-codec\commons-codec\1.15\commons-codec-1.15.jar;C:\Users\User\.m2\repository\com\google\code\gson\gson\2.8.9\gson-2.8.9.jar;C:\Users\User\.m2\repository\org\slf4j\slf4j-api\1.7.30\slf4j-api-1.7.30.jar;C:\Users\User\.m2\repository\org\slf4j\slf4j-simple\1.7.30\slf4j-simple-1.7.30.jar;C:\Users\User\.m2\repository\org\junit\jupiter\junit-jupiter-api\5.10.3\junit-jupiter-api-5.10.3.jar;C:\Users\User\.m2\repository\org\opentest4j\opentest4j\1.3.0\opentest4j-1.3.0.jar;C:\Users\User\.m2\repository\org\junit\platform\junit-platform-commons\1.10.3\junit-platform-commons-1.10.3.jar;C:\Users\User\.m2\repository\org\apiguardian\apiguardian-api\1.1.2\apiguardian-api-1.1.2.jar;C:\Users\User\.m2\repository\org\junit\jupiter\junit-jupiter-params\5.10.3\junit-jupiter-params-5.10.3.jar;C:\Users\User\.m2\repository\org\junit\jupiter\junit-jupiter-engine\5.10.3\junit-jupiter-engine-5.10.3.jar;C:\Users\User\.m2\repository\org\junit\platform\junit-platform-engine\1.10.3\junit-platform-engine-1.10.3.jar;"/>
    <property name="sun.cpu.endian" value="little"/>
    <property name="user.home" value="C:\Users\User"/>
    <property name="user.language" value="es"/>
    <property name="java.specification.vendor" value="Oracle Corporation"/>
    <property name="java.version.date" value="2024-10-15"/>
    <property name="java.home" value="C:\Program Files\Java\jdk-23"/>
    <property name="file.separator" value="\"/>
    <property name="basedir" value="C:\Users\User\OneDrive\Desktop\Segundo Semestre\POO\ESPE2410-OOPSW1973-TeamTNT\Code\AmeStore_InterV9"/>
    <property name="java.vm.compressedOopsMode" value="Zero based"/>
    <property name="line.separator" value="&#10;"/>
    <property name="java.vm.specification.vendor" value="Oracle Corporation"/>
    <property name="java.specification.name" value="Java Platform API Specification"/>
    <property name="surefire.real.class.path" value="C:\Users\User\AppData\Local\Temp\surefire16985789807823509730\surefirebooter-20250305223247609_3.jar"/>
    <property name="user.script" value=""/>
    <property name="sun.management.compiler" value="HotSpot 64-Bit Tiered Compilers"/>
    <property name="java.runtime.version" value="23.0.1+11-39"/>
    <property name="user.name" value="User"/>
    <property name="stdout.encoding" value="Cp1252"/>
    <property name="path.separator" value=";"/>
    <property name="os.version" value="10.0"/>
    <property name="java.runtime.name" value="Java(TM) SE Runtime Environment"/>
    <property name="file.encoding" value="UTF-8"/>
    <property name="java.vm.name" value="Java HotSpot(TM) 64-Bit Server VM"/>
    <property name="maven.ext.class.path" value="C:\Program Files\NetBeans-23\netbeans\java\maven-nblib\netbeans-eventspy.jar"/>
    <property name="localRepository" value="C:\Users\User\.m2\repository"/>
    <property name="java.vendor.url.bug" value="https://bugreport.java.com/bugreport/"/>
    <property name="java.io.tmpdir" value="C:\Users\User\AppData\Local\Temp\"/>
    <property name="java.version" value="23.0.1"/>
    <property name="user.dir" value="C:\Users\User\OneDrive\Desktop\Segundo Semestre\POO\ESPE2410-OOPSW1973-TeamTNT\Code\AmeStore_InterV9"/>
    <property name="os.arch" value="amd64"/>
    <property name="java.vm.specification.name" value="Java Virtual Machine Specification"/>
    <property name="sun.os.patch.level" value=""/>
    <property name="native.encoding" value="Cp1252"/>
    <property name="java.library.path" value="C:\Program Files\Java\jdk-23\bin;C:\WINDOWS\Sun\Java\bin;C:\WINDOWS\system32;C:\WINDOWS;C:\Program Files\Common Files\Oracle\Java\javapath;C:\WINDOWS\system32;C:\WINDOWS;C:\WINDOWS\System32\Wbem;C:\WINDOWS\System32\WindowsPowerShell\v1.0\;C:\WINDOWS\System32\OpenSSH\;C:\Program Files\nodejs\;C:\Program Files\Git\cmd;C:\Users\User\AppData\Local\Programs\Python\Python313\Scripts\;C:\Users\User\AppData\Local\Programs\Python\Python313\;C:\Users\User\AppData\Local\Programs\Python\Launcher\;C:\Users\User\AppData\Local\Microsoft\WindowsApps;C:\Users\User\AppData\Local\Programs\Microsoft VS Code\bin;C:\Users\User\AppData\Local\Programs\mongosh\;C:\Users\User\AppData\Roaming\npm;;."/>
    <property name="java.vm.info" value="mixed mode, sharing"/>
    <property name="stderr.encoding" value="Cp1252"/>
    <property name="java.vendor" value="Oracle Corporation"/>
    <property name="java.vm.version" value="23.0.1+11-39"/>
    <property name="sun.io.unicode.encoding" value="UnicodeLittle"/>
    <property name="java.class.version" value="67.0"/>
  </properties>
  <testcase name="testSearchProduct" classname="ec.edu.espe.AmeStoreInventory.controller.ProductControllerTest" time="3.483">
    <failure message="The test case is a prototype." type="org.opentest4j.AssertionFailedError"><![CDATA[org.opentest4j.AssertionFailedError: The test case is a prototype.
	at org.junit.jupiter.api.AssertionUtils.fail(AssertionUtils.java:38)
	at org.junit.jupiter.api.Assertions.fail(Assertions.java:138)
	at ec.edu.espe.AmeStoreInventory.controller.ProductControllerTest.testSearchProduct(ProductControllerTest.java:94)
	at java.base/java.lang.reflect.Method.invoke(Method.java:580)
	at java.base/java.util.ArrayList.forEach(ArrayList.java:1597)
	at java.base/java.util.ArrayList.forEach(ArrayList.java:1597)
]]></failure>
    <system-out><![CDATA[searchProduct
]]></system-out>
    <system-err><![CDATA[[cluster-ClusterId{value='67c9176193d12d05e2ead570', description='Cluster0'}-srv-cluster0.dxj9m.mongodb.net] INFO org.mongodb.driver.cluster - Adding discovered server cluster0-shard-00-02.dxj9m.mongodb.net:27017 to client view of cluster
[main] INFO org.mongodb.driver.client - MongoClient with metadata {"application": {"name": "Cluster0"}, "driver": {"name": "mongo-java-driver|sync", "version": "5.1.1"}, "os": {"type": "Windows", "name": "Windows 11", "architecture": "amd64", "version": "10.0"}, "platform": "Java/Oracle Corporation/23.0.1+11-39"} created with settings MongoClientSettings{readPreference=primary, writeConcern=WriteConcern{w=majority, wTimeout=null ms, journal=null}, retryWrites=true, retryReads=true, readConcern=ReadConcern{level=null}, credential=MongoCredential{mechanism=null, userName='daullcu', source='admin', password=<hidden>, mechanismProperties=<hidden>}, transportSettings=null, commandListeners=[], codecRegistry=ProvidersCodecRegistry{codecProviders=[ValueCodecProvider{}, BsonValueCodecProvider{}, DBRefCodecProvider{}, DBObjectCodecProvider{}, DocumentCodecProvider{}, CollectionCodecProvider{}, IterableCodecProvider{}, MapCodecProvider{}, GeoJsonCodecProvider{}, GridFSFileCodecProvider{}, Jsr310CodecProvider{}, JsonObjectCodecProvider{}, BsonCodecProvider{}, EnumCodecProvider{}, com.mongodb.client.model.mql.ExpressionCodecProvider@420a85c4, com.mongodb.Jep395RecordCodecProvider@1c39680d, com.mongodb.KotlinCodecProvider@62833051]}, loggerSettings=LoggerSettings{maxDocumentLength=1000}, clusterSettings={hosts=[127.0.0.1:27017], srvHost=cluster0.dxj9m.mongodb.net, srvServiceName=mongodb, mode=MULTIPLE, requiredClusterType=REPLICA_SET, requiredReplicaSetName='atlas-f6rm43-shard-0', serverSelector='null', clusterListeners='[]', serverSelectionTimeout='30000 ms', localThreshold='15 ms'}, socketSettings=SocketSettings{connectTimeoutMS=10000, readTimeoutMS=0, receiveBufferSize=0, proxySettings=ProxySettings{host=null, port=null, username=null, password=null}}, heartbeatSocketSettings=SocketSettings{connectTimeoutMS=10000, readTimeoutMS=10000, receiveBufferSize=0, proxySettings=ProxySettings{host=null, port=null, username=null, password=null}}, connectionPoolSettings=ConnectionPoolSettings{maxSize=100, minSize=0, maxWaitTimeMS=120000, maxConnectionLifeTimeMS=0, maxConnectionIdleTimeMS=0, maintenanceInitialDelayMS=0, maintenanceFrequencyMS=60000, connectionPoolListeners=[], maxConnecting=2}, serverSettings=ServerSettings{heartbeatFrequencyMS=10000, minHeartbeatFrequencyMS=500, serverMonitoringMode=AUTO, serverListeners='[]', serverMonitorListeners='[]'}, sslSettings=SslSettings{enabled=true, invalidHostNameAllowed=false, context=null}, applicationName='Cluster0', compressorList=[], uuidRepresentation=UNSPECIFIED, serverApi=ServerApi{version=V1, deprecationErrors=null, strict=null}, autoEncryptionSettings=null, dnsClient=null, inetAddressResolver=null, contextProvider=null}
[cluster-ClusterId{value='67c9176193d12d05e2ead570', description='Cluster0'}-srv-cluster0.dxj9m.mongodb.net] INFO org.mongodb.driver.cluster - Adding discovered server cluster0-shard-00-01.dxj9m.mongodb.net:27017 to client view of cluster
[cluster-ClusterId{value='67c9176193d12d05e2ead570', description='Cluster0'}-srv-cluster0.dxj9m.mongodb.net] INFO org.mongodb.driver.cluster - Adding discovered server cluster0-shard-00-00.dxj9m.mongodb.net:27017 to client view of cluster
[main] INFO org.mongodb.driver.cluster - Waiting for server to become available for operation with ID 1. Remaining time: 30000 ms. Selector: WritableServerSelector, topology description: {type=REPLICA_SET, servers=[{address=cluster0-shard-00-01.dxj9m.mongodb.net:27017, type=UNKNOWN, state=CONNECTING}, {address=cluster0-shard-00-00.dxj9m.mongodb.net:27017, type=UNKNOWN, state=CONNECTING}, {address=cluster0-shard-00-02.dxj9m.mongodb.net:27017, type=UNKNOWN, state=CONNECTING}].
[cluster-ClusterId{value='67c9176193d12d05e2ead570', description='Cluster0'}-cluster0-shard-00-00.dxj9m.mongodb.net:27017] INFO org.mongodb.driver.cluster - Monitor thread successfully connected to server with description ServerDescription{address=cluster0-shard-00-00.dxj9m.mongodb.net:27017, type=REPLICA_SET_SECONDARY, state=CONNECTED, ok=true, minWireVersion=0, maxWireVersion=25, maxDocumentSize=16777216, logicalSessionTimeoutMinutes=30, roundTripTimeNanos=757356200, setName='atlas-f6rm43-shard-0', canonicalAddress=cluster0-shard-00-00.dxj9m.mongodb.net:27017, hosts=[cluster0-shard-00-01.dxj9m.mongodb.net:27017, cluster0-shard-00-02.dxj9m.mongodb.net:27017, cluster0-shard-00-00.dxj9m.mongodb.net:27017], passives=[], arbiters=[], primary='cluster0-shard-00-01.dxj9m.mongodb.net:27017', tagSet=TagSet{[Tag{name='availabilityZone', value='sae1-az1'}, Tag{name='diskState', value='READY'}, Tag{name='nodeType', value='ELECTABLE'}, Tag{name='provider', value='AWS'}, Tag{name='region', value='SA_EAST_1'}, Tag{name='workloadType', value='OPERATIONAL'}]}, electionId=null, setVersion=1, topologyVersion=TopologyVersion{processId=67c718bbf0e18f15cfdc4b2d, counter=4}, lastWriteDate=Wed Mar 05 22:32:50 GMT-05:00 2025, lastUpdateTimeNanos=99695257726400}
[cluster-ClusterId{value='67c9176193d12d05e2ead570', description='Cluster0'}-cluster0-shard-00-01.dxj9m.mongodb.net:27017] INFO org.mongodb.driver.cluster - Monitor thread successfully connected to server with description ServerDescription{address=cluster0-shard-00-01.dxj9m.mongodb.net:27017, type=REPLICA_SET_PRIMARY, state=CONNECTED, ok=true, minWireVersion=0, maxWireVersion=25, maxDocumentSize=16777216, logicalSessionTimeoutMinutes=30, roundTripTimeNanos=715421800, setName='atlas-f6rm43-shard-0', canonicalAddress=cluster0-shard-00-01.dxj9m.mongodb.net:27017, hosts=[cluster0-shard-00-01.dxj9m.mongodb.net:27017, cluster0-shard-00-02.dxj9m.mongodb.net:27017, cluster0-shard-00-00.dxj9m.mongodb.net:27017], passives=[], arbiters=[], primary='cluster0-shard-00-01.dxj9m.mongodb.net:27017', tagSet=TagSet{[Tag{name='availabilityZone', value='sae1-az3'}, Tag{name='diskState', value='READY'}, Tag{name='nodeType', value='ELECTABLE'}, Tag{name='provider', value='AWS'}, Tag{name='region', value='SA_EAST_1'}, Tag{name='workloadType', value='OPERATIONAL'}]}, electionId=7fffffff000000000000000c, setVersion=1, topologyVersion=TopologyVersion{processId=67c718e7f21c80602f803db0, counter=6}, lastWriteDate=Wed Mar 05 22:32:50 GMT-05:00 2025, lastUpdateTimeNanos=99695258028500}
[cluster-ClusterId{value='67c9176193d12d05e2ead570', description='Cluster0'}-cluster0-shard-00-02.dxj9m.mongodb.net:27017] INFO org.mongodb.driver.cluster - Monitor thread successfully connected to server with description ServerDescription{address=cluster0-shard-00-02.dxj9m.mongodb.net:27017, type=REPLICA_SET_SECONDARY, state=CONNECTED, ok=true, minWireVersion=0, maxWireVersion=25, maxDocumentSize=16777216, logicalSessionTimeoutMinutes=30, roundTripTimeNanos=746015800, setName='atlas-f6rm43-shard-0', canonicalAddress=cluster0-shard-00-02.dxj9m.mongodb.net:27017, hosts=[cluster0-shard-00-01.dxj9m.mongodb.net:27017, cluster0-shard-00-02.dxj9m.mongodb.net:27017, cluster0-shard-00-00.dxj9m.mongodb.net:27017], passives=[], arbiters=[], primary='cluster0-shard-00-01.dxj9m.mongodb.net:27017', tagSet=TagSet{[Tag{name='availabilityZone', value='sae1-az2'}, Tag{name='diskState', value='READY'}, Tag{name='nodeType', value='ELECTABLE'}, Tag{name='provider', value='AWS'}, Tag{name='region', value='SA_EAST_1'}, Tag{name='workloadType', value='OPERATIONAL'}]}, electionId=null, setVersion=1, topologyVersion=TopologyVersion{processId=67c719134cc1f6d52ecb1ffa, counter=3}, lastWriteDate=Wed Mar 05 22:32:50 GMT-05:00 2025, lastUpdateTimeNanos=99695257536500}
[cluster-ClusterId{value='67c9176193d12d05e2ead570', description='Cluster0'}-cluster0-shard-00-01.dxj9m.mongodb.net:27017] INFO org.mongodb.driver.cluster - Discovered replica set primary cluster0-shard-00-01.dxj9m.mongodb.net:27017 with max election id 7fffffff000000000000000c and max set version 1
Error initializing MongoDB: Write failed with error code 11000 and error message 'Index build failed: 0fe33603-2b58-410b-ba6f-8ef3fbcb1466: Collection BaseAmeStore.customer ( 5c6145ab-8534-41c5-be22-5bb6484baf54 ) :: caused by :: E11000 duplicate key error collection: BaseAmeStore.customer index: id_1 dup key: { id: "1755100169" }'
]]></system-err>
  </testcase>
  <testcase name="testLoadProducts_DefaultTableModel" classname="ec.edu.espe.AmeStoreInventory.controller.ProductControllerTest" time="1.413">
    <error message="Cannot invoke &quot;javax.swing.table.DefaultTableModel.setRowCount(int)&quot; because &quot;tableModel&quot; is null" type="java.lang.NullPointerException"><![CDATA[java.lang.NullPointerException: Cannot invoke "javax.swing.table.DefaultTableModel.setRowCount(int)" because "tableModel" is null
	at ec.edu.espe.AmeStoreInventory.controller.ProductController.loadProducts(ProductController.java:210)
	at ec.edu.espe.AmeStoreInventory.controller.ProductControllerTest.testLoadProducts_DefaultTableModel(ProductControllerTest.java:142)
	at java.base/java.lang.reflect.Method.invoke(Method.java:580)
	at java.base/java.util.ArrayList.forEach(ArrayList.java:1597)
	at java.base/java.util.ArrayList.forEach(ArrayList.java:1597)
]]></error>
    <system-out><![CDATA[loadProducts
]]></system-out>
    <system-err><![CDATA[[main] INFO org.mongodb.driver.client - MongoClient with metadata {"application": {"name": "Cluster0"}, "driver": {"name": "mongo-java-driver|sync", "version": "5.1.1"}, "os": {"type": "Windows", "name": "Windows 11", "architecture": "amd64", "version": "10.0"}, "platform": "Java/Oracle Corporation/23.0.1+11-39"} created with settings MongoClientSettings{readPreference=primary, writeConcern=WriteConcern{w=majority, wTimeout=null ms, journal=null}, retryWrites=true, retryReads=true, readConcern=ReadConcern{level=null}, credential=MongoCredential{mechanism=null, userName='daullcu', source='admin', password=<hidden>, mechanismProperties=<hidden>}, transportSettings=null, commandListeners=[], codecRegistry=ProvidersCodecRegistry{codecProviders=[ValueCodecProvider{}, BsonValueCodecProvider{}, DBRefCodecProvider{}, DBObjectCodecProvider{}, DocumentCodecProvider{}, CollectionCodecProvider{}, IterableCodecProvider{}, MapCodecProvider{}, GeoJsonCodecProvider{}, GridFSFileCodecProvider{}, Jsr310CodecProvider{}, JsonObjectCodecProvider{}, BsonCodecProvider{}, EnumCodecProvider{}, com.mongodb.client.model.mql.ExpressionCodecProvider@420a85c4, com.mongodb.Jep395RecordCodecProvider@1c39680d, com.mongodb.KotlinCodecProvider@62833051]}, loggerSettings=LoggerSettings{maxDocumentLength=1000}, clusterSettings={hosts=[127.0.0.1:27017], srvHost=cluster0.dxj9m.mongodb.net, srvServiceName=mongodb, mode=MULTIPLE, requiredClusterType=REPLICA_SET, requiredReplicaSetName='atlas-f6rm43-shard-0', serverSelector='null', clusterListeners='[]', serverSelectionTimeout='30000 ms', localThreshold='15 ms'}, socketSettings=SocketSettings{connectTimeoutMS=10000, readTimeoutMS=0, receiveBufferSize=0, proxySettings=ProxySettings{host=null, port=null, username=null, password=null}}, heartbeatSocketSettings=SocketSettings{connectTimeoutMS=10000, readTimeoutMS=10000, receiveBufferSize=0, proxySettings=ProxySettings{host=null, port=null, username=null, password=null}}, connectionPoolSettings=ConnectionPoolSettings{maxSize=100, minSize=0, maxWaitTimeMS=120000, maxConnectionLifeTimeMS=0, maxConnectionIdleTimeMS=0, maintenanceInitialDelayMS=0, maintenanceFrequencyMS=60000, connectionPoolListeners=[], maxConnecting=2}, serverSettings=ServerSettings{heartbeatFrequencyMS=10000, minHeartbeatFrequencyMS=500, serverMonitoringMode=AUTO, serverListeners='[]', serverMonitorListeners='[]'}, sslSettings=SslSettings{enabled=true, invalidHostNameAllowed=false, context=null}, applicationName='Cluster0', compressorList=[], uuidRepresentation=UNSPECIFIED, serverApi=ServerApi{version=V1, deprecationErrors=null, strict=null}, autoEncryptionSettings=null, dnsClient=null, inetAddressResolver=null, contextProvider=null}
[main] INFO org.mongodb.driver.cluster - Waiting for server to become available for operation with ID 12. Remaining time: 30000 ms. Selector: WritableServerSelector, topology description: {type=UNKNOWN, servers=[].
[cluster-ClusterId{value='67c9176493d12d05e2ead571', description='Cluster0'}-srv-cluster0.dxj9m.mongodb.net] INFO org.mongodb.driver.cluster - Adding discovered server cluster0-shard-00-02.dxj9m.mongodb.net:27017 to client view of cluster
[cluster-ClusterId{value='67c9176493d12d05e2ead571', description='Cluster0'}-srv-cluster0.dxj9m.mongodb.net] INFO org.mongodb.driver.cluster - Adding discovered server cluster0-shard-00-01.dxj9m.mongodb.net:27017 to client view of cluster
[cluster-ClusterId{value='67c9176493d12d05e2ead571', description='Cluster0'}-srv-cluster0.dxj9m.mongodb.net] INFO org.mongodb.driver.cluster - Adding discovered server cluster0-shard-00-00.dxj9m.mongodb.net:27017 to client view of cluster
[cluster-ClusterId{value='67c9176493d12d05e2ead571', description='Cluster0'}-cluster0-shard-00-01.dxj9m.mongodb.net:27017] INFO org.mongodb.driver.cluster - Monitor thread successfully connected to server with description ServerDescription{address=cluster0-shard-00-01.dxj9m.mongodb.net:27017, type=REPLICA_SET_PRIMARY, state=CONNECTED, ok=true, minWireVersion=0, maxWireVersion=25, maxDocumentSize=16777216, logicalSessionTimeoutMinutes=30, roundTripTimeNanos=288369200, setName='atlas-f6rm43-shard-0', canonicalAddress=cluster0-shard-00-01.dxj9m.mongodb.net:27017, hosts=[cluster0-shard-00-01.dxj9m.mongodb.net:27017, cluster0-shard-00-02.dxj9m.mongodb.net:27017, cluster0-shard-00-00.dxj9m.mongodb.net:27017], passives=[], arbiters=[], primary='cluster0-shard-00-01.dxj9m.mongodb.net:27017', tagSet=TagSet{[Tag{name='availabilityZone', value='sae1-az3'}, Tag{name='diskState', value='READY'}, Tag{name='nodeType', value='ELECTABLE'}, Tag{name='provider', value='AWS'}, Tag{name='region', value='SA_EAST_1'}, Tag{name='workloadType', value='OPERATIONAL'}]}, electionId=7fffffff000000000000000c, setVersion=1, topologyVersion=TopologyVersion{processId=67c718e7f21c80602f803db0, counter=6}, lastWriteDate=Wed Mar 05 22:32:51 GMT-05:00 2025, lastUpdateTimeNanos=99697212215400}
[cluster-ClusterId{value='67c9176493d12d05e2ead571', description='Cluster0'}-cluster0-shard-00-01.dxj9m.mongodb.net:27017] INFO org.mongodb.driver.cluster - Discovered replica set primary cluster0-shard-00-01.dxj9m.mongodb.net:27017 with max election id 7fffffff000000000000000c and max set version 1
[cluster-ClusterId{value='67c9176493d12d05e2ead571', description='Cluster0'}-cluster0-shard-00-00.dxj9m.mongodb.net:27017] INFO org.mongodb.driver.cluster - Monitor thread successfully connected to server with description ServerDescription{address=cluster0-shard-00-00.dxj9m.mongodb.net:27017, type=REPLICA_SET_SECONDARY, state=CONNECTED, ok=true, minWireVersion=0, maxWireVersion=25, maxDocumentSize=16777216, logicalSessionTimeoutMinutes=30, roundTripTimeNanos=292560800, setName='atlas-f6rm43-shard-0', canonicalAddress=cluster0-shard-00-00.dxj9m.mongodb.net:27017, hosts=[cluster0-shard-00-01.dxj9m.mongodb.net:27017, cluster0-shard-00-02.dxj9m.mongodb.net:27017, cluster0-shard-00-00.dxj9m.mongodb.net:27017], passives=[], arbiters=[], primary='cluster0-shard-00-01.dxj9m.mongodb.net:27017', tagSet=TagSet{[Tag{name='availabilityZone', value='sae1-az1'}, Tag{name='diskState', value='READY'}, Tag{name='nodeType', value='ELECTABLE'}, Tag{name='provider', value='AWS'}, Tag{name='region', value='SA_EAST_1'}, Tag{name='workloadType', value='OPERATIONAL'}]}, electionId=null, setVersion=1, topologyVersion=TopologyVersion{processId=67c718bbf0e18f15cfdc4b2d, counter=4}, lastWriteDate=Wed Mar 05 22:32:51 GMT-05:00 2025, lastUpdateTimeNanos=99697217062400}
[cluster-ClusterId{value='67c9176493d12d05e2ead571', description='Cluster0'}-cluster0-shard-00-02.dxj9m.mongodb.net:27017] INFO org.mongodb.driver.cluster - Monitor thread successfully connected to server with description ServerDescription{address=cluster0-shard-00-02.dxj9m.mongodb.net:27017, type=REPLICA_SET_SECONDARY, state=CONNECTED, ok=true, minWireVersion=0, maxWireVersion=25, maxDocumentSize=16777216, logicalSessionTimeoutMinutes=30, roundTripTimeNanos=293693900, setName='atlas-f6rm43-shard-0', canonicalAddress=cluster0-shard-00-02.dxj9m.mongodb.net:27017, hosts=[cluster0-shard-00-01.dxj9m.mongodb.net:27017, cluster0-shard-00-02.dxj9m.mongodb.net:27017, cluster0-shard-00-00.dxj9m.mongodb.net:27017], passives=[], arbiters=[], primary='cluster0-shard-00-01.dxj9m.mongodb.net:27017', tagSet=TagSet{[Tag{name='availabilityZone', value='sae1-az2'}, Tag{name='diskState', value='READY'}, Tag{name='nodeType', value='ELECTABLE'}, Tag{name='provider', value='AWS'}, Tag{name='region', value='SA_EAST_1'}, Tag{name='workloadType', value='OPERATIONAL'}]}, electionId=null, setVersion=1, topologyVersion=TopologyVersion{processId=67c719134cc1f6d52ecb1ffa, counter=3}, lastWriteDate=Wed Mar 05 22:32:51 GMT-05:00 2025, lastUpdateTimeNanos=99697217534700}
Error initializing MongoDB: Write failed with error code 11000 and error message 'Index build failed: ea887e2d-0628-4999-9ac3-1f992b86f583: Collection BaseAmeStore.customer ( 5c6145ab-8534-41c5-be22-5bb6484baf54 ) :: caused by :: E11000 duplicate key error collection: BaseAmeStore.customer index: id_1 dup key: { id: "1755100169" }'
]]></system-err>
  </testcase>
  <testcase name="testSaveOrUpdateProduct" classname="ec.edu.espe.AmeStoreInventory.controller.ProductControllerTest" time="9.57">
    <failure message="The test case is a prototype." type="org.opentest4j.AssertionFailedError"><![CDATA[org.opentest4j.AssertionFailedError: The test case is a prototype.
	at org.junit.jupiter.api.AssertionUtils.fail(AssertionUtils.java:38)
	at org.junit.jupiter.api.Assertions.fail(Assertions.java:138)
	at ec.edu.espe.AmeStoreInventory.controller.ProductControllerTest.testSaveOrUpdateProduct(ProductControllerTest.java:69)
	at java.base/java.lang.reflect.Method.invoke(Method.java:580)
	at java.base/java.util.ArrayList.forEach(ArrayList.java:1597)
	at java.base/java.util.ArrayList.forEach(ArrayList.java:1597)
]]></failure>
    <system-out><![CDATA[saveOrUpdateProduct
]]></system-out>
    <system-err><![CDATA[[main] INFO org.mongodb.driver.client - MongoClient with metadata {"application": {"name": "Cluster0"}, "driver": {"name": "mongo-java-driver|sync", "version": "5.1.1"}, "os": {"type": "Windows", "name": "Windows 11", "architecture": "amd64", "version": "10.0"}, "platform": "Java/Oracle Corporation/23.0.1+11-39"} created with settings MongoClientSettings{readPreference=primary, writeConcern=WriteConcern{w=majority, wTimeout=null ms, journal=null}, retryWrites=true, retryReads=true, readConcern=ReadConcern{level=null}, credential=MongoCredential{mechanism=null, userName='daullcu', source='admin', password=<hidden>, mechanismProperties=<hidden>}, transportSettings=null, commandListeners=[], codecRegistry=ProvidersCodecRegistry{codecProviders=[ValueCodecProvider{}, BsonValueCodecProvider{}, DBRefCodecProvider{}, DBObjectCodecProvider{}, DocumentCodecProvider{}, CollectionCodecProvider{}, IterableCodecProvider{}, MapCodecProvider{}, GeoJsonCodecProvider{}, GridFSFileCodecProvider{}, Jsr310CodecProvider{}, JsonObjectCodecProvider{}, BsonCodecProvider{}, EnumCodecProvider{}, com.mongodb.client.model.mql.ExpressionCodecProvider@420a85c4, com.mongodb.Jep395RecordCodecProvider@1c39680d, com.mongodb.KotlinCodecProvider@62833051]}, loggerSettings=LoggerSettings{maxDocumentLength=1000}, clusterSettings={hosts=[127.0.0.1:27017], srvHost=cluster0.dxj9m.mongodb.net, srvServiceName=mongodb, mode=MULTIPLE, requiredClusterType=REPLICA_SET, requiredReplicaSetName='atlas-f6rm43-shard-0', serverSelector='null', clusterListeners='[]', serverSelectionTimeout='30000 ms', localThreshold='15 ms'}, socketSettings=SocketSettings{connectTimeoutMS=10000, readTimeoutMS=0, receiveBufferSize=0, proxySettings=ProxySettings{host=null, port=null, username=null, password=null}}, heartbeatSocketSettings=SocketSettings{connectTimeoutMS=10000, readTimeoutMS=10000, receiveBufferSize=0, proxySettings=ProxySettings{host=null, port=null, username=null, password=null}}, connectionPoolSettings=ConnectionPoolSettings{maxSize=100, minSize=0, maxWaitTimeMS=120000, maxConnectionLifeTimeMS=0, maxConnectionIdleTimeMS=0, maintenanceInitialDelayMS=0, maintenanceFrequencyMS=60000, connectionPoolListeners=[], maxConnecting=2}, serverSettings=ServerSettings{heartbeatFrequencyMS=10000, minHeartbeatFrequencyMS=500, serverMonitoringMode=AUTO, serverListeners='[]', serverMonitorListeners='[]'}, sslSettings=SslSettings{enabled=true, invalidHostNameAllowed=false, context=null}, applicationName='Cluster0', compressorList=[], uuidRepresentation=UNSPECIFIED, serverApi=ServerApi{version=V1, deprecationErrors=null, strict=null}, autoEncryptionSettings=null, dnsClient=null, inetAddressResolver=null, contextProvider=null}
[main] INFO org.mongodb.driver.cluster - Waiting for server to become available for operation with ID 22. Remaining time: 30000 ms. Selector: WritableServerSelector, topology description: {type=UNKNOWN, servers=[].
[cluster-ClusterId{value='67c9176593d12d05e2ead572', description='Cluster0'}-srv-cluster0.dxj9m.mongodb.net] INFO org.mongodb.driver.cluster - Adding discovered server cluster0-shard-00-02.dxj9m.mongodb.net:27017 to client view of cluster
[cluster-ClusterId{value='67c9176593d12d05e2ead572', description='Cluster0'}-srv-cluster0.dxj9m.mongodb.net] INFO org.mongodb.driver.cluster - Adding discovered server cluster0-shard-00-01.dxj9m.mongodb.net:27017 to client view of cluster
[cluster-ClusterId{value='67c9176593d12d05e2ead572', description='Cluster0'}-srv-cluster0.dxj9m.mongodb.net] INFO org.mongodb.driver.cluster - Adding discovered server cluster0-shard-00-00.dxj9m.mongodb.net:27017 to client view of cluster
[cluster-ClusterId{value='67c9176593d12d05e2ead572', description='Cluster0'}-cluster0-shard-00-02.dxj9m.mongodb.net:27017] INFO org.mongodb.driver.cluster - Monitor thread successfully connected to server with description ServerDescription{address=cluster0-shard-00-02.dxj9m.mongodb.net:27017, type=REPLICA_SET_SECONDARY, state=CONNECTED, ok=true, minWireVersion=0, maxWireVersion=25, maxDocumentSize=16777216, logicalSessionTimeoutMinutes=30, roundTripTimeNanos=284002200, setName='atlas-f6rm43-shard-0', canonicalAddress=cluster0-shard-00-02.dxj9m.mongodb.net:27017, hosts=[cluster0-shard-00-01.dxj9m.mongodb.net:27017, cluster0-shard-00-02.dxj9m.mongodb.net:27017, cluster0-shard-00-00.dxj9m.mongodb.net:27017], passives=[], arbiters=[], primary='cluster0-shard-00-01.dxj9m.mongodb.net:27017', tagSet=TagSet{[Tag{name='availabilityZone', value='sae1-az2'}, Tag{name='diskState', value='READY'}, Tag{name='nodeType', value='ELECTABLE'}, Tag{name='provider', value='AWS'}, Tag{name='region', value='SA_EAST_1'}, Tag{name='workloadType', value='OPERATIONAL'}]}, electionId=null, setVersion=1, topologyVersion=TopologyVersion{processId=67c719134cc1f6d52ecb1ffa, counter=3}, lastWriteDate=Wed Mar 05 22:32:53 GMT-05:00 2025, lastUpdateTimeNanos=99698608885800}
[cluster-ClusterId{value='67c9176593d12d05e2ead572', description='Cluster0'}-cluster0-shard-00-01.dxj9m.mongodb.net:27017] INFO org.mongodb.driver.cluster - Monitor thread successfully connected to server with description ServerDescription{address=cluster0-shard-00-01.dxj9m.mongodb.net:27017, type=REPLICA_SET_PRIMARY, state=CONNECTED, ok=true, minWireVersion=0, maxWireVersion=25, maxDocumentSize=16777216, logicalSessionTimeoutMinutes=30, roundTripTimeNanos=295857400, setName='atlas-f6rm43-shard-0', canonicalAddress=cluster0-shard-00-01.dxj9m.mongodb.net:27017, hosts=[cluster0-shard-00-01.dxj9m.mongodb.net:27017, cluster0-shard-00-02.dxj9m.mongodb.net:27017, cluster0-shard-00-00.dxj9m.mongodb.net:27017], passives=[], arbiters=[], primary='cluster0-shard-00-01.dxj9m.mongodb.net:27017', tagSet=TagSet{[Tag{name='availabilityZone', value='sae1-az3'}, Tag{name='diskState', value='READY'}, Tag{name='nodeType', value='ELECTABLE'}, Tag{name='provider', value='AWS'}, Tag{name='region', value='SA_EAST_1'}, Tag{name='workloadType', value='OPERATIONAL'}]}, electionId=7fffffff000000000000000c, setVersion=1, topologyVersion=TopologyVersion{processId=67c718e7f21c80602f803db0, counter=6}, lastWriteDate=Wed Mar 05 22:32:53 GMT-05:00 2025, lastUpdateTimeNanos=99698620738900}
[cluster-ClusterId{value='67c9176593d12d05e2ead572', description='Cluster0'}-cluster0-shard-00-01.dxj9m.mongodb.net:27017] INFO org.mongodb.driver.cluster - Discovered replica set primary cluster0-shard-00-01.dxj9m.mongodb.net:27017 with max election id 7fffffff000000000000000c and max set version 1
[cluster-ClusterId{value='67c9176593d12d05e2ead572', description='Cluster0'}-cluster0-shard-00-00.dxj9m.mongodb.net:27017] INFO org.mongodb.driver.cluster - Monitor thread successfully connected to server with description ServerDescription{address=cluster0-shard-00-00.dxj9m.mongodb.net:27017, type=REPLICA_SET_SECONDARY, state=CONNECTED, ok=true, minWireVersion=0, maxWireVersion=25, maxDocumentSize=16777216, logicalSessionTimeoutMinutes=30, roundTripTimeNanos=305087500, setName='atlas-f6rm43-shard-0', canonicalAddress=cluster0-shard-00-00.dxj9m.mongodb.net:27017, hosts=[cluster0-shard-00-01.dxj9m.mongodb.net:27017, cluster0-shard-00-02.dxj9m.mongodb.net:27017, cluster0-shard-00-00.dxj9m.mongodb.net:27017], passives=[], arbiters=[], primary='cluster0-shard-00-01.dxj9m.mongodb.net:27017', tagSet=TagSet{[Tag{name='availabilityZone', value='sae1-az1'}, Tag{name='diskState', value='READY'}, Tag{name='nodeType', value='ELECTABLE'}, Tag{name='provider', value='AWS'}, Tag{name='region', value='SA_EAST_1'}, Tag{name='workloadType', value='OPERATIONAL'}]}, electionId=null, setVersion=1, topologyVersion=TopologyVersion{processId=67c718bbf0e18f15cfdc4b2d, counter=4}, lastWriteDate=Wed Mar 05 22:32:53 GMT-05:00 2025, lastUpdateTimeNanos=99698639694000}
Error initializing MongoDB: Write failed with error code 11000 and error message 'Index build failed: 2b17afd0-8bdc-4218-8325-3602c6cddb9a: Collection BaseAmeStore.customer ( 5c6145ab-8534-41c5-be22-5bb6484baf54 ) :: caused by :: E11000 duplicate key error collection: BaseAmeStore.customer index: id_1 dup key: { id: "1755100169" }'
]]></system-err>
  </testcase>
  <testcase name="testLoadProducts_0args" classname="ec.edu.espe.AmeStoreInventory.controller.ProductControllerTest" time="1.565">
    <failure message="The test case is a prototype." type="org.opentest4j.AssertionFailedError"><![CDATA[org.opentest4j.AssertionFailedError: The test case is a prototype.
	at org.junit.jupiter.api.AssertionUtils.fail(AssertionUtils.java:38)
	at org.junit.jupiter.api.Assertions.fail(Assertions.java:138)
	at ec.edu.espe.AmeStoreInventory.controller.ProductControllerTest.testLoadProducts_0args(ProductControllerTest.java:81)
	at java.base/java.lang.reflect.Method.invoke(Method.java:580)
	at java.base/java.util.ArrayList.forEach(ArrayList.java:1597)
	at java.base/java.util.ArrayList.forEach(ArrayList.java:1597)
]]></failure>
    <system-out><![CDATA[loadProducts
]]></system-out>
    <system-err><![CDATA[[main] INFO org.mongodb.driver.client - MongoClient with metadata {"application": {"name": "Cluster0"}, "driver": {"name": "mongo-java-driver|sync", "version": "5.1.1"}, "os": {"type": "Windows", "name": "Windows 11", "architecture": "amd64", "version": "10.0"}, "platform": "Java/Oracle Corporation/23.0.1+11-39"} created with settings MongoClientSettings{readPreference=primary, writeConcern=WriteConcern{w=majority, wTimeout=null ms, journal=null}, retryWrites=true, retryReads=true, readConcern=ReadConcern{level=null}, credential=MongoCredential{mechanism=null, userName='daullcu', source='admin', password=<hidden>, mechanismProperties=<hidden>}, transportSettings=null, commandListeners=[], codecRegistry=ProvidersCodecRegistry{codecProviders=[ValueCodecProvider{}, BsonValueCodecProvider{}, DBRefCodecProvider{}, DBObjectCodecProvider{}, DocumentCodecProvider{}, CollectionCodecProvider{}, IterableCodecProvider{}, MapCodecProvider{}, GeoJsonCodecProvider{}, GridFSFileCodecProvider{}, Jsr310CodecProvider{}, JsonObjectCodecProvider{}, BsonCodecProvider{}, EnumCodecProvider{}, com.mongodb.client.model.mql.ExpressionCodecProvider@420a85c4, com.mongodb.Jep395RecordCodecProvider@1c39680d, com.mongodb.KotlinCodecProvider@62833051]}, loggerSettings=LoggerSettings{maxDocumentLength=1000}, clusterSettings={hosts=[127.0.0.1:27017], srvHost=cluster0.dxj9m.mongodb.net, srvServiceName=mongodb, mode=MULTIPLE, requiredClusterType=REPLICA_SET, requiredReplicaSetName='atlas-f6rm43-shard-0', serverSelector='null', clusterListeners='[]', serverSelectionTimeout='30000 ms', localThreshold='15 ms'}, socketSettings=SocketSettings{connectTimeoutMS=10000, readTimeoutMS=0, receiveBufferSize=0, proxySettings=ProxySettings{host=null, port=null, username=null, password=null}}, heartbeatSocketSettings=SocketSettings{connectTimeoutMS=10000, readTimeoutMS=10000, receiveBufferSize=0, proxySettings=ProxySettings{host=null, port=null, username=null, password=null}}, connectionPoolSettings=ConnectionPoolSettings{maxSize=100, minSize=0, maxWaitTimeMS=120000, maxConnectionLifeTimeMS=0, maxConnectionIdleTimeMS=0, maintenanceInitialDelayMS=0, maintenanceFrequencyMS=60000, connectionPoolListeners=[], maxConnecting=2}, serverSettings=ServerSettings{heartbeatFrequencyMS=10000, minHeartbeatFrequencyMS=500, serverMonitoringMode=AUTO, serverListeners='[]', serverMonitorListeners='[]'}, sslSettings=SslSettings{enabled=true, invalidHostNameAllowed=false, context=null}, applicationName='Cluster0', compressorList=[], uuidRepresentation=UNSPECIFIED, serverApi=ServerApi{version=V1, deprecationErrors=null, strict=null}, autoEncryptionSettings=null, dnsClient=null, inetAddressResolver=null, contextProvider=null}
[main] INFO org.mongodb.driver.cluster - Waiting for server to become available for operation with ID 38. Remaining time: 30000 ms. Selector: WritableServerSelector, topology description: {type=UNKNOWN, servers=[].
[cluster-ClusterId{value='67c9176f93d12d05e2ead573', description='Cluster0'}-srv-cluster0.dxj9m.mongodb.net] INFO org.mongodb.driver.cluster - Adding discovered server cluster0-shard-00-02.dxj9m.mongodb.net:27017 to client view of cluster
[cluster-ClusterId{value='67c9176f93d12d05e2ead573', description='Cluster0'}-srv-cluster0.dxj9m.mongodb.net] INFO org.mongodb.driver.cluster - Adding discovered server cluster0-shard-00-01.dxj9m.mongodb.net:27017 to client view of cluster
[cluster-ClusterId{value='67c9176f93d12d05e2ead573', description='Cluster0'}-srv-cluster0.dxj9m.mongodb.net] INFO org.mongodb.driver.cluster - Adding discovered server cluster0-shard-00-00.dxj9m.mongodb.net:27017 to client view of cluster
[cluster-ClusterId{value='67c9176f93d12d05e2ead573', description='Cluster0'}-cluster0-shard-00-02.dxj9m.mongodb.net:27017] INFO org.mongodb.driver.cluster - Monitor thread successfully connected to server with description ServerDescription{address=cluster0-shard-00-02.dxj9m.mongodb.net:27017, type=REPLICA_SET_SECONDARY, state=CONNECTED, ok=true, minWireVersion=0, maxWireVersion=25, maxDocumentSize=16777216, logicalSessionTimeoutMinutes=30, roundTripTimeNanos=296828700, setName='atlas-f6rm43-shard-0', canonicalAddress=cluster0-shard-00-02.dxj9m.mongodb.net:27017, hosts=[cluster0-shard-00-01.dxj9m.mongodb.net:27017, cluster0-shard-00-02.dxj9m.mongodb.net:27017, cluster0-shard-00-00.dxj9m.mongodb.net:27017], passives=[], arbiters=[], primary='cluster0-shard-00-01.dxj9m.mongodb.net:27017', tagSet=TagSet{[Tag{name='availabilityZone', value='sae1-az2'}, Tag{name='diskState', value='READY'}, Tag{name='nodeType', value='ELECTABLE'}, Tag{name='provider', value='AWS'}, Tag{name='region', value='SA_EAST_1'}, Tag{name='workloadType', value='OPERATIONAL'}]}, electionId=null, setVersion=1, topologyVersion=TopologyVersion{processId=67c719134cc1f6d52ecb1ffa, counter=3}, lastWriteDate=Wed Mar 05 22:33:03 GMT-05:00 2025, lastUpdateTimeNanos=99708242423900}
[cluster-ClusterId{value='67c9176f93d12d05e2ead573', description='Cluster0'}-cluster0-shard-00-01.dxj9m.mongodb.net:27017] INFO org.mongodb.driver.cluster - Monitor thread successfully connected to server with description ServerDescription{address=cluster0-shard-00-01.dxj9m.mongodb.net:27017, type=REPLICA_SET_PRIMARY, state=CONNECTED, ok=true, minWireVersion=0, maxWireVersion=25, maxDocumentSize=16777216, logicalSessionTimeoutMinutes=30, roundTripTimeNanos=296784500, setName='atlas-f6rm43-shard-0', canonicalAddress=cluster0-shard-00-01.dxj9m.mongodb.net:27017, hosts=[cluster0-shard-00-01.dxj9m.mongodb.net:27017, cluster0-shard-00-02.dxj9m.mongodb.net:27017, cluster0-shard-00-00.dxj9m.mongodb.net:27017], passives=[], arbiters=[], primary='cluster0-shard-00-01.dxj9m.mongodb.net:27017', tagSet=TagSet{[Tag{name='availabilityZone', value='sae1-az3'}, Tag{name='diskState', value='READY'}, Tag{name='nodeType', value='ELECTABLE'}, Tag{name='provider', value='AWS'}, Tag{name='region', value='SA_EAST_1'}, Tag{name='workloadType', value='OPERATIONAL'}]}, electionId=7fffffff000000000000000c, setVersion=1, topologyVersion=TopologyVersion{processId=67c718e7f21c80602f803db0, counter=6}, lastWriteDate=Wed Mar 05 22:33:03 GMT-05:00 2025, lastUpdateTimeNanos=99708242383800}
[cluster-ClusterId{value='67c9176f93d12d05e2ead573', description='Cluster0'}-cluster0-shard-00-01.dxj9m.mongodb.net:27017] INFO org.mongodb.driver.cluster - Discovered replica set primary cluster0-shard-00-01.dxj9m.mongodb.net:27017 with max election id 7fffffff000000000000000c and max set version 1
[cluster-ClusterId{value='67c9176f93d12d05e2ead573', description='Cluster0'}-cluster0-shard-00-00.dxj9m.mongodb.net:27017] INFO org.mongodb.driver.cluster - Monitor thread successfully connected to server with description ServerDescription{address=cluster0-shard-00-00.dxj9m.mongodb.net:27017, type=REPLICA_SET_SECONDARY, state=CONNECTED, ok=true, minWireVersion=0, maxWireVersion=25, maxDocumentSize=16777216, logicalSessionTimeoutMinutes=30, roundTripTimeNanos=306690500, setName='atlas-f6rm43-shard-0', canonicalAddress=cluster0-shard-00-00.dxj9m.mongodb.net:27017, hosts=[cluster0-shard-00-01.dxj9m.mongodb.net:27017, cluster0-shard-00-02.dxj9m.mongodb.net:27017, cluster0-shard-00-00.dxj9m.mongodb.net:27017], passives=[], arbiters=[], primary='cluster0-shard-00-01.dxj9m.mongodb.net:27017', tagSet=TagSet{[Tag{name='availabilityZone', value='sae1-az1'}, Tag{name='diskState', value='READY'}, Tag{name='nodeType', value='ELECTABLE'}, Tag{name='provider', value='AWS'}, Tag{name='region', value='SA_EAST_1'}, Tag{name='workloadType', value='OPERATIONAL'}]}, electionId=null, setVersion=1, topologyVersion=TopologyVersion{processId=67c718bbf0e18f15cfdc4b2d, counter=4}, lastWriteDate=Wed Mar 05 22:33:03 GMT-05:00 2025, lastUpdateTimeNanos=99708252286600}
Error initializing MongoDB: Write failed with error code 11000 and error message 'Index build failed: c5eb8452-b407-4ab5-a2d6-0b4c0bac7820: Collection BaseAmeStore.customer ( 5c6145ab-8534-41c5-be22-5bb6484baf54 ) :: caused by :: E11000 duplicate key error collection: BaseAmeStore.customer index: id_1 dup key: { id: "1755100169" }'
]]></system-err>
  </testcase>
  <testcase name="testIsValidProductId" classname="ec.edu.espe.AmeStoreInventory.controller.ProductControllerTest" time="1.374">
    <failure message="The test case is a prototype." type="org.opentest4j.AssertionFailedError"><![CDATA[org.opentest4j.AssertionFailedError: The test case is a prototype.
	at org.junit.jupiter.api.AssertionUtils.fail(AssertionUtils.java:38)
	at org.junit.jupiter.api.Assertions.fail(Assertions.java:138)
	at ec.edu.espe.AmeStoreInventory.controller.ProductControllerTest.testIsValidProductId(ProductControllerTest.java:35)
	at java.base/java.lang.reflect.Method.invoke(Method.java:580)
	at java.base/java.util.ArrayList.forEach(ArrayList.java:1597)
	at java.base/java.util.ArrayList.forEach(ArrayList.java:1597)
]]></failure>
    <system-out><![CDATA[isValidProductId
]]></system-out>
    <system-err><![CDATA[[main] INFO org.mongodb.driver.client - MongoClient with metadata {"application": {"name": "Cluster0"}, "driver": {"name": "mongo-java-driver|sync", "version": "5.1.1"}, "os": {"type": "Windows", "name": "Windows 11", "architecture": "amd64", "version": "10.0"}, "platform": "Java/Oracle Corporation/23.0.1+11-39"} created with settings MongoClientSettings{readPreference=primary, writeConcern=WriteConcern{w=majority, wTimeout=null ms, journal=null}, retryWrites=true, retryReads=true, readConcern=ReadConcern{level=null}, credential=MongoCredential{mechanism=null, userName='daullcu', source='admin', password=<hidden>, mechanismProperties=<hidden>}, transportSettings=null, commandListeners=[], codecRegistry=ProvidersCodecRegistry{codecProviders=[ValueCodecProvider{}, BsonValueCodecProvider{}, DBRefCodecProvider{}, DBObjectCodecProvider{}, DocumentCodecProvider{}, CollectionCodecProvider{}, IterableCodecProvider{}, MapCodecProvider{}, GeoJsonCodecProvider{}, GridFSFileCodecProvider{}, Jsr310CodecProvider{}, JsonObjectCodecProvider{}, BsonCodecProvider{}, EnumCodecProvider{}, com.mongodb.client.model.mql.ExpressionCodecProvider@420a85c4, com.mongodb.Jep395RecordCodecProvider@1c39680d, com.mongodb.KotlinCodecProvider@62833051]}, loggerSettings=LoggerSettings{maxDocumentLength=1000}, clusterSettings={hosts=[127.0.0.1:27017], srvHost=cluster0.dxj9m.mongodb.net, srvServiceName=mongodb, mode=MULTIPLE, requiredClusterType=REPLICA_SET, requiredReplicaSetName='atlas-f6rm43-shard-0', serverSelector='null', clusterListeners='[]', serverSelectionTimeout='30000 ms', localThreshold='15 ms'}, socketSettings=SocketSettings{connectTimeoutMS=10000, readTimeoutMS=0, receiveBufferSize=0, proxySettings=ProxySettings{host=null, port=null, username=null, password=null}}, heartbeatSocketSettings=SocketSettings{connectTimeoutMS=10000, readTimeoutMS=10000, receiveBufferSize=0, proxySettings=ProxySettings{host=null, port=null, username=null, password=null}}, connectionPoolSettings=ConnectionPoolSettings{maxSize=100, minSize=0, maxWaitTimeMS=120000, maxConnectionLifeTimeMS=0, maxConnectionIdleTimeMS=0, maintenanceInitialDelayMS=0, maintenanceFrequencyMS=60000, connectionPoolListeners=[], maxConnecting=2}, serverSettings=ServerSettings{heartbeatFrequencyMS=10000, minHeartbeatFrequencyMS=500, serverMonitoringMode=AUTO, serverListeners='[]', serverMonitorListeners='[]'}, sslSettings=SslSettings{enabled=true, invalidHostNameAllowed=false, context=null}, applicationName='Cluster0', compressorList=[], uuidRepresentation=UNSPECIFIED, serverApi=ServerApi{version=V1, deprecationErrors=null, strict=null}, autoEncryptionSettings=null, dnsClient=null, inetAddressResolver=null, contextProvider=null}
[main] INFO org.mongodb.driver.cluster - Waiting for server to become available for operation with ID 52. Remaining time: 30000 ms. Selector: WritableServerSelector, topology description: {type=UNKNOWN, servers=[].
[cluster-ClusterId{value='67c9177093d12d05e2ead574', description='Cluster0'}-srv-cluster0.dxj9m.mongodb.net] INFO org.mongodb.driver.cluster - Adding discovered server cluster0-shard-00-02.dxj9m.mongodb.net:27017 to client view of cluster
[cluster-ClusterId{value='67c9177093d12d05e2ead574', description='Cluster0'}-srv-cluster0.dxj9m.mongodb.net] INFO org.mongodb.driver.cluster - Adding discovered server cluster0-shard-00-01.dxj9m.mongodb.net:27017 to client view of cluster
[cluster-ClusterId{value='67c9177093d12d05e2ead574', description='Cluster0'}-srv-cluster0.dxj9m.mongodb.net] INFO org.mongodb.driver.cluster - Adding discovered server cluster0-shard-00-00.dxj9m.mongodb.net:27017 to client view of cluster
[cluster-ClusterId{value='67c9177093d12d05e2ead574', description='Cluster0'}-cluster0-shard-00-02.dxj9m.mongodb.net:27017] INFO org.mongodb.driver.cluster - Monitor thread successfully connected to server with description ServerDescription{address=cluster0-shard-00-02.dxj9m.mongodb.net:27017, type=REPLICA_SET_SECONDARY, state=CONNECTED, ok=true, minWireVersion=0, maxWireVersion=25, maxDocumentSize=16777216, logicalSessionTimeoutMinutes=30, roundTripTimeNanos=283717600, setName='atlas-f6rm43-shard-0', canonicalAddress=cluster0-shard-00-02.dxj9m.mongodb.net:27017, hosts=[cluster0-shard-00-01.dxj9m.mongodb.net:27017, cluster0-shard-00-02.dxj9m.mongodb.net:27017, cluster0-shard-00-00.dxj9m.mongodb.net:27017], passives=[], arbiters=[], primary='cluster0-shard-00-01.dxj9m.mongodb.net:27017', tagSet=TagSet{[Tag{name='availabilityZone', value='sae1-az2'}, Tag{name='diskState', value='READY'}, Tag{name='nodeType', value='ELECTABLE'}, Tag{name='provider', value='AWS'}, Tag{name='region', value='SA_EAST_1'}, Tag{name='workloadType', value='OPERATIONAL'}]}, electionId=null, setVersion=1, topologyVersion=TopologyVersion{processId=67c719134cc1f6d52ecb1ffa, counter=3}, lastWriteDate=Wed Mar 05 22:33:05 GMT-05:00 2025, lastUpdateTimeNanos=99709760391400}
[cluster-ClusterId{value='67c9177093d12d05e2ead574', description='Cluster0'}-cluster0-shard-00-00.dxj9m.mongodb.net:27017] INFO org.mongodb.driver.cluster - Monitor thread successfully connected to server with description ServerDescription{address=cluster0-shard-00-00.dxj9m.mongodb.net:27017, type=REPLICA_SET_SECONDARY, state=CONNECTED, ok=true, minWireVersion=0, maxWireVersion=25, maxDocumentSize=16777216, logicalSessionTimeoutMinutes=30, roundTripTimeNanos=281615400, setName='atlas-f6rm43-shard-0', canonicalAddress=cluster0-shard-00-00.dxj9m.mongodb.net:27017, hosts=[cluster0-shard-00-01.dxj9m.mongodb.net:27017, cluster0-shard-00-02.dxj9m.mongodb.net:27017, cluster0-shard-00-00.dxj9m.mongodb.net:27017], passives=[], arbiters=[], primary='cluster0-shard-00-01.dxj9m.mongodb.net:27017', tagSet=TagSet{[Tag{name='availabilityZone', value='sae1-az1'}, Tag{name='diskState', value='READY'}, Tag{name='nodeType', value='ELECTABLE'}, Tag{name='provider', value='AWS'}, Tag{name='region', value='SA_EAST_1'}, Tag{name='workloadType', value='OPERATIONAL'}]}, electionId=null, setVersion=1, topologyVersion=TopologyVersion{processId=67c718bbf0e18f15cfdc4b2d, counter=4}, lastWriteDate=Wed Mar 05 22:33:05 GMT-05:00 2025, lastUpdateTimeNanos=99709760391300}
[cluster-ClusterId{value='67c9177093d12d05e2ead574', description='Cluster0'}-cluster0-shard-00-01.dxj9m.mongodb.net:27017] INFO org.mongodb.driver.cluster - Monitor thread successfully connected to server with description ServerDescription{address=cluster0-shard-00-01.dxj9m.mongodb.net:27017, type=REPLICA_SET_PRIMARY, state=CONNECTED, ok=true, minWireVersion=0, maxWireVersion=25, maxDocumentSize=16777216, logicalSessionTimeoutMinutes=30, roundTripTimeNanos=287874200, setName='atlas-f6rm43-shard-0', canonicalAddress=cluster0-shard-00-01.dxj9m.mongodb.net:27017, hosts=[cluster0-shard-00-01.dxj9m.mongodb.net:27017, cluster0-shard-00-02.dxj9m.mongodb.net:27017, cluster0-shard-00-00.dxj9m.mongodb.net:27017], passives=[], arbiters=[], primary='cluster0-shard-00-01.dxj9m.mongodb.net:27017', tagSet=TagSet{[Tag{name='availabilityZone', value='sae1-az3'}, Tag{name='diskState', value='READY'}, Tag{name='nodeType', value='ELECTABLE'}, Tag{name='provider', value='AWS'}, Tag{name='region', value='SA_EAST_1'}, Tag{name='workloadType', value='OPERATIONAL'}]}, electionId=7fffffff000000000000000c, setVersion=1, topologyVersion=TopologyVersion{processId=67c718e7f21c80602f803db0, counter=6}, lastWriteDate=Wed Mar 05 22:33:05 GMT-05:00 2025, lastUpdateTimeNanos=99709766727100}
[cluster-ClusterId{value='67c9177093d12d05e2ead574', description='Cluster0'}-cluster0-shard-00-01.dxj9m.mongodb.net:27017] INFO org.mongodb.driver.cluster - Discovered replica set primary cluster0-shard-00-01.dxj9m.mongodb.net:27017 with max election id 7fffffff000000000000000c and max set version 1
Error initializing MongoDB: Write failed with error code 11000 and error message 'Index build failed: 53abfbf5-dcba-405e-ac58-70d12c64588e: Collection BaseAmeStore.customer ( 5c6145ab-8534-41c5-be22-5bb6484baf54 ) :: caused by :: E11000 duplicate key error collection: BaseAmeStore.customer index: id_1 dup key: { id: "1755100169" }'
]]></system-err>
  </testcase>
  <testcase name="testCreateProduct" classname="ec.edu.espe.AmeStoreInventory.controller.ProductControllerTest" time="3.201">
    <failure message="The test case is a prototype." type="org.opentest4j.AssertionFailedError"><![CDATA[org.opentest4j.AssertionFailedError: The test case is a prototype.
	at org.junit.jupiter.api.AssertionUtils.fail(AssertionUtils.java:38)
	at org.junit.jupiter.api.Assertions.fail(Assertions.java:138)
	at ec.edu.espe.AmeStoreInventory.controller.ProductControllerTest.testCreateProduct(ProductControllerTest.java:56)
	at java.base/java.lang.reflect.Method.invoke(Method.java:580)
	at java.base/java.util.ArrayList.forEach(ArrayList.java:1597)
	at java.base/java.util.ArrayList.forEach(ArrayList.java:1597)
]]></failure>
    <system-out><![CDATA[createProduct
]]></system-out>
    <system-err><![CDATA[[main] INFO org.mongodb.driver.client - MongoClient with metadata {"application": {"name": "Cluster0"}, "driver": {"name": "mongo-java-driver|sync", "version": "5.1.1"}, "os": {"type": "Windows", "name": "Windows 11", "architecture": "amd64", "version": "10.0"}, "platform": "Java/Oracle Corporation/23.0.1+11-39"} created with settings MongoClientSettings{readPreference=primary, writeConcern=WriteConcern{w=majority, wTimeout=null ms, journal=null}, retryWrites=true, retryReads=true, readConcern=ReadConcern{level=null}, credential=MongoCredential{mechanism=null, userName='daullcu', source='admin', password=<hidden>, mechanismProperties=<hidden>}, transportSettings=null, commandListeners=[], codecRegistry=ProvidersCodecRegistry{codecProviders=[ValueCodecProvider{}, BsonValueCodecProvider{}, DBRefCodecProvider{}, DBObjectCodecProvider{}, DocumentCodecProvider{}, CollectionCodecProvider{}, IterableCodecProvider{}, MapCodecProvider{}, GeoJsonCodecProvider{}, GridFSFileCodecProvider{}, Jsr310CodecProvider{}, JsonObjectCodecProvider{}, BsonCodecProvider{}, EnumCodecProvider{}, com.mongodb.client.model.mql.ExpressionCodecProvider@420a85c4, com.mongodb.Jep395RecordCodecProvider@1c39680d, com.mongodb.KotlinCodecProvider@62833051]}, loggerSettings=LoggerSettings{maxDocumentLength=1000}, clusterSettings={hosts=[127.0.0.1:27017], srvHost=cluster0.dxj9m.mongodb.net, srvServiceName=mongodb, mode=MULTIPLE, requiredClusterType=REPLICA_SET, requiredReplicaSetName='atlas-f6rm43-shard-0', serverSelector='null', clusterListeners='[]', serverSelectionTimeout='30000 ms', localThreshold='15 ms'}, socketSettings=SocketSettings{connectTimeoutMS=10000, readTimeoutMS=0, receiveBufferSize=0, proxySettings=ProxySettings{host=null, port=null, username=null, password=null}}, heartbeatSocketSettings=SocketSettings{connectTimeoutMS=10000, readTimeoutMS=10000, receiveBufferSize=0, proxySettings=ProxySettings{host=null, port=null, username=null, password=null}}, connectionPoolSettings=ConnectionPoolSettings{maxSize=100, minSize=0, maxWaitTimeMS=120000, maxConnectionLifeTimeMS=0, maxConnectionIdleTimeMS=0, maintenanceInitialDelayMS=0, maintenanceFrequencyMS=60000, connectionPoolListeners=[], maxConnecting=2}, serverSettings=ServerSettings{heartbeatFrequencyMS=10000, minHeartbeatFrequencyMS=500, serverMonitoringMode=AUTO, serverListeners='[]', serverMonitorListeners='[]'}, sslSettings=SslSettings{enabled=true, invalidHostNameAllowed=false, context=null}, applicationName='Cluster0', compressorList=[], uuidRepresentation=UNSPECIFIED, serverApi=ServerApi{version=V1, deprecationErrors=null, strict=null}, autoEncryptionSettings=null, dnsClient=null, inetAddressResolver=null, contextProvider=null}
[main] INFO org.mongodb.driver.cluster - Waiting for server to become available for operation with ID 62. Remaining time: 30000 ms. Selector: WritableServerSelector, topology description: {type=UNKNOWN, servers=[].
[cluster-ClusterId{value='67c9177293d12d05e2ead575', description='Cluster0'}-srv-cluster0.dxj9m.mongodb.net] INFO org.mongodb.driver.cluster - Adding discovered server cluster0-shard-00-02.dxj9m.mongodb.net:27017 to client view of cluster
[cluster-ClusterId{value='67c9177293d12d05e2ead575', description='Cluster0'}-srv-cluster0.dxj9m.mongodb.net] INFO org.mongodb.driver.cluster - Adding discovered server cluster0-shard-00-01.dxj9m.mongodb.net:27017 to client view of cluster
[cluster-ClusterId{value='67c9177293d12d05e2ead575', description='Cluster0'}-srv-cluster0.dxj9m.mongodb.net] INFO org.mongodb.driver.cluster - Adding discovered server cluster0-shard-00-00.dxj9m.mongodb.net:27017 to client view of cluster
[cluster-ClusterId{value='67c9177293d12d05e2ead575', description='Cluster0'}-cluster0-shard-00-01.dxj9m.mongodb.net:27017] INFO org.mongodb.driver.cluster - Monitor thread successfully connected to server with description ServerDescription{address=cluster0-shard-00-01.dxj9m.mongodb.net:27017, type=REPLICA_SET_PRIMARY, state=CONNECTED, ok=true, minWireVersion=0, maxWireVersion=25, maxDocumentSize=16777216, logicalSessionTimeoutMinutes=30, roundTripTimeNanos=283377600, setName='atlas-f6rm43-shard-0', canonicalAddress=cluster0-shard-00-01.dxj9m.mongodb.net:27017, hosts=[cluster0-shard-00-01.dxj9m.mongodb.net:27017, cluster0-shard-00-02.dxj9m.mongodb.net:27017, cluster0-shard-00-00.dxj9m.mongodb.net:27017], passives=[], arbiters=[], primary='cluster0-shard-00-01.dxj9m.mongodb.net:27017', tagSet=TagSet{[Tag{name='availabilityZone', value='sae1-az3'}, Tag{name='diskState', value='READY'}, Tag{name='nodeType', value='ELECTABLE'}, Tag{name='provider', value='AWS'}, Tag{name='region', value='SA_EAST_1'}, Tag{name='workloadType', value='OPERATIONAL'}]}, electionId=7fffffff000000000000000c, setVersion=1, topologyVersion=TopologyVersion{processId=67c718e7f21c80602f803db0, counter=6}, lastWriteDate=Wed Mar 05 22:33:06 GMT-05:00 2025, lastUpdateTimeNanos=99711150418100}
[cluster-ClusterId{value='67c9177293d12d05e2ead575', description='Cluster0'}-cluster0-shard-00-01.dxj9m.mongodb.net:27017] INFO org.mongodb.driver.cluster - Discovered replica set primary cluster0-shard-00-01.dxj9m.mongodb.net:27017 with max election id 7fffffff000000000000000c and max set version 1
[cluster-ClusterId{value='67c9177293d12d05e2ead575', description='Cluster0'}-cluster0-shard-00-00.dxj9m.mongodb.net:27017] INFO org.mongodb.driver.cluster - Monitor thread successfully connected to server with description ServerDescription{address=cluster0-shard-00-00.dxj9m.mongodb.net:27017, type=REPLICA_SET_SECONDARY, state=CONNECTED, ok=true, minWireVersion=0, maxWireVersion=25, maxDocumentSize=16777216, logicalSessionTimeoutMinutes=30, roundTripTimeNanos=294114100, setName='atlas-f6rm43-shard-0', canonicalAddress=cluster0-shard-00-00.dxj9m.mongodb.net:27017, hosts=[cluster0-shard-00-01.dxj9m.mongodb.net:27017, cluster0-shard-00-02.dxj9m.mongodb.net:27017, cluster0-shard-00-00.dxj9m.mongodb.net:27017], passives=[], arbiters=[], primary='cluster0-shard-00-01.dxj9m.mongodb.net:27017', tagSet=TagSet{[Tag{name='availabilityZone', value='sae1-az1'}, Tag{name='diskState', value='READY'}, Tag{name='nodeType', value='ELECTABLE'}, Tag{name='provider', value='AWS'}, Tag{name='region', value='SA_EAST_1'}, Tag{name='workloadType', value='OPERATIONAL'}]}, electionId=null, setVersion=1, topologyVersion=TopologyVersion{processId=67c718bbf0e18f15cfdc4b2d, counter=4}, lastWriteDate=Wed Mar 05 22:33:06 GMT-05:00 2025, lastUpdateTimeNanos=99711161149900}
[cluster-ClusterId{value='67c9177293d12d05e2ead575', description='Cluster0'}-cluster0-shard-00-02.dxj9m.mongodb.net:27017] INFO org.mongodb.driver.cluster - Monitor thread successfully connected to server with description ServerDescription{address=cluster0-shard-00-02.dxj9m.mongodb.net:27017, type=REPLICA_SET_SECONDARY, state=CONNECTED, ok=true, minWireVersion=0, maxWireVersion=25, maxDocumentSize=16777216, logicalSessionTimeoutMinutes=30, roundTripTimeNanos=295286700, setName='atlas-f6rm43-shard-0', canonicalAddress=cluster0-shard-00-02.dxj9m.mongodb.net:27017, hosts=[cluster0-shard-00-01.dxj9m.mongodb.net:27017, cluster0-shard-00-02.dxj9m.mongodb.net:27017, cluster0-shard-00-00.dxj9m.mongodb.net:27017], passives=[], arbiters=[], primary='cluster0-shard-00-01.dxj9m.mongodb.net:27017', tagSet=TagSet{[Tag{name='availabilityZone', value='sae1-az2'}, Tag{name='diskState', value='READY'}, Tag{name='nodeType', value='ELECTABLE'}, Tag{name='provider', value='AWS'}, Tag{name='region', value='SA_EAST_1'}, Tag{name='workloadType', value='OPERATIONAL'}]}, electionId=null, setVersion=1, topologyVersion=TopologyVersion{processId=67c719134cc1f6d52ecb1ffa, counter=3}, lastWriteDate=Wed Mar 05 22:33:06 GMT-05:00 2025, lastUpdateTimeNanos=99711167776900}
Error initializing MongoDB: Write failed with error code 11000 and error message 'Index build failed: 477fe9e0-4c72-4247-8f32-295d8a8f5cb7: Collection BaseAmeStore.customer ( 5c6145ab-8534-41c5-be22-5bb6484baf54 ) :: caused by :: E11000 duplicate key error collection: BaseAmeStore.customer index: id_1 dup key: { id: "1755100169" }'
]]></system-err>
  </testcase>
  <testcase name="testSaveProduct" classname="ec.edu.espe.AmeStoreInventory.controller.ProductControllerTest" time="66.727">
    <failure message="The test case is a prototype." type="org.opentest4j.AssertionFailedError"><![CDATA[org.opentest4j.AssertionFailedError: The test case is a prototype.
	at org.junit.jupiter.api.AssertionUtils.fail(AssertionUtils.java:38)
	at org.junit.jupiter.api.Assertions.fail(Assertions.java:138)
	at ec.edu.espe.AmeStoreInventory.controller.ProductControllerTest.testSaveProduct(ProductControllerTest.java:131)
	at java.base/java.lang.reflect.Method.invoke(Method.java:580)
	at java.base/java.util.ArrayList.forEach(ArrayList.java:1597)
	at java.base/java.util.ArrayList.forEach(ArrayList.java:1597)
]]></failure>
    <system-out><![CDATA[saveProduct
]]></system-out>
    <system-err><![CDATA[[main] INFO org.mongodb.driver.client - MongoClient with metadata {"application": {"name": "Cluster0"}, "driver": {"name": "mongo-java-driver|sync", "version": "5.1.1"}, "os": {"type": "Windows", "name": "Windows 11", "architecture": "amd64", "version": "10.0"}, "platform": "Java/Oracle Corporation/23.0.1+11-39"} created with settings MongoClientSettings{readPreference=primary, writeConcern=WriteConcern{w=majority, wTimeout=null ms, journal=null}, retryWrites=true, retryReads=true, readConcern=ReadConcern{level=null}, credential=MongoCredential{mechanism=null, userName='daullcu', source='admin', password=<hidden>, mechanismProperties=<hidden>}, transportSettings=null, commandListeners=[], codecRegistry=ProvidersCodecRegistry{codecProviders=[ValueCodecProvider{}, BsonValueCodecProvider{}, DBRefCodecProvider{}, DBObjectCodecProvider{}, DocumentCodecProvider{}, CollectionCodecProvider{}, IterableCodecProvider{}, MapCodecProvider{}, GeoJsonCodecProvider{}, GridFSFileCodecProvider{}, Jsr310CodecProvider{}, JsonObjectCodecProvider{}, BsonCodecProvider{}, EnumCodecProvider{}, com.mongodb.client.model.mql.ExpressionCodecProvider@420a85c4, com.mongodb.Jep395RecordCodecProvider@1c39680d, com.mongodb.KotlinCodecProvider@62833051]}, loggerSettings=LoggerSettings{maxDocumentLength=1000}, clusterSettings={hosts=[127.0.0.1:27017], srvHost=cluster0.dxj9m.mongodb.net, srvServiceName=mongodb, mode=MULTIPLE, requiredClusterType=REPLICA_SET, requiredReplicaSetName='atlas-f6rm43-shard-0', serverSelector='null', clusterListeners='[]', serverSelectionTimeout='30000 ms', localThreshold='15 ms'}, socketSettings=SocketSettings{connectTimeoutMS=10000, readTimeoutMS=0, receiveBufferSize=0, proxySettings=ProxySettings{host=null, port=null, username=null, password=null}}, heartbeatSocketSettings=SocketSettings{connectTimeoutMS=10000, readTimeoutMS=10000, receiveBufferSize=0, proxySettings=ProxySettings{host=null, port=null, username=null, password=null}}, connectionPoolSettings=ConnectionPoolSettings{maxSize=100, minSize=0, maxWaitTimeMS=120000, maxConnectionLifeTimeMS=0, maxConnectionIdleTimeMS=0, maintenanceInitialDelayMS=0, maintenanceFrequencyMS=60000, connectionPoolListeners=[], maxConnecting=2}, serverSettings=ServerSettings{heartbeatFrequencyMS=10000, minHeartbeatFrequencyMS=500, serverMonitoringMode=AUTO, serverListeners='[]', serverMonitorListeners='[]'}, sslSettings=SslSettings{enabled=true, invalidHostNameAllowed=false, context=null}, applicationName='Cluster0', compressorList=[], uuidRepresentation=UNSPECIFIED, serverApi=ServerApi{version=V1, deprecationErrors=null, strict=null}, autoEncryptionSettings=null, dnsClient=null, inetAddressResolver=null, contextProvider=null}
[main] INFO org.mongodb.driver.cluster - Waiting for server to become available for operation with ID 72. Remaining time: 30000 ms. Selector: WritableServerSelector, topology description: {type=UNKNOWN, servers=[].
[cluster-ClusterId{value='67c9177593d12d05e2ead576', description='Cluster0'}-srv-cluster0.dxj9m.mongodb.net] INFO org.mongodb.driver.cluster - Adding discovered server cluster0-shard-00-02.dxj9m.mongodb.net:27017 to client view of cluster
[cluster-ClusterId{value='67c9177593d12d05e2ead576', description='Cluster0'}-srv-cluster0.dxj9m.mongodb.net] INFO org.mongodb.driver.cluster - Adding discovered server cluster0-shard-00-01.dxj9m.mongodb.net:27017 to client view of cluster
[cluster-ClusterId{value='67c9177593d12d05e2ead576', description='Cluster0'}-srv-cluster0.dxj9m.mongodb.net] INFO org.mongodb.driver.cluster - Adding discovered server cluster0-shard-00-00.dxj9m.mongodb.net:27017 to client view of cluster
[cluster-ClusterId{value='67c9177593d12d05e2ead576', description='Cluster0'}-cluster0-shard-00-01.dxj9m.mongodb.net:27017] INFO org.mongodb.driver.cluster - Monitor thread successfully connected to server with description ServerDescription{address=cluster0-shard-00-01.dxj9m.mongodb.net:27017, type=REPLICA_SET_PRIMARY, state=CONNECTED, ok=true, minWireVersion=0, maxWireVersion=25, maxDocumentSize=16777216, logicalSessionTimeoutMinutes=30, roundTripTimeNanos=291379200, setName='atlas-f6rm43-shard-0', canonicalAddress=cluster0-shard-00-01.dxj9m.mongodb.net:27017, hosts=[cluster0-shard-00-01.dxj9m.mongodb.net:27017, cluster0-shard-00-02.dxj9m.mongodb.net:27017, cluster0-shard-00-00.dxj9m.mongodb.net:27017], passives=[], arbiters=[], primary='cluster0-shard-00-01.dxj9m.mongodb.net:27017', tagSet=TagSet{[Tag{name='availabilityZone', value='sae1-az3'}, Tag{name='diskState', value='READY'}, Tag{name='nodeType', value='ELECTABLE'}, Tag{name='provider', value='AWS'}, Tag{name='region', value='SA_EAST_1'}, Tag{name='workloadType', value='OPERATIONAL'}]}, electionId=7fffffff000000000000000c, setVersion=1, topologyVersion=TopologyVersion{processId=67c718e7f21c80602f803db0, counter=6}, lastWriteDate=Wed Mar 05 22:33:08 GMT-05:00 2025, lastUpdateTimeNanos=99714369511400}
[cluster-ClusterId{value='67c9177593d12d05e2ead576', description='Cluster0'}-cluster0-shard-00-02.dxj9m.mongodb.net:27017] INFO org.mongodb.driver.cluster - Monitor thread successfully connected to server with description ServerDescription{address=cluster0-shard-00-02.dxj9m.mongodb.net:27017, type=REPLICA_SET_SECONDARY, state=CONNECTED, ok=true, minWireVersion=0, maxWireVersion=25, maxDocumentSize=16777216, logicalSessionTimeoutMinutes=30, roundTripTimeNanos=294756100, setName='atlas-f6rm43-shard-0', canonicalAddress=cluster0-shard-00-02.dxj9m.mongodb.net:27017, hosts=[cluster0-shard-00-01.dxj9m.mongodb.net:27017, cluster0-shard-00-02.dxj9m.mongodb.net:27017, cluster0-shard-00-00.dxj9m.mongodb.net:27017], passives=[], arbiters=[], primary='cluster0-shard-00-01.dxj9m.mongodb.net:27017', tagSet=TagSet{[Tag{name='availabilityZone', value='sae1-az2'}, Tag{name='diskState', value='READY'}, Tag{name='nodeType', value='ELECTABLE'}, Tag{name='provider', value='AWS'}, Tag{name='region', value='SA_EAST_1'}, Tag{name='workloadType', value='OPERATIONAL'}]}, electionId=null, setVersion=1, topologyVersion=TopologyVersion{processId=67c719134cc1f6d52ecb1ffa, counter=3}, lastWriteDate=Wed Mar 05 22:33:08 GMT-05:00 2025, lastUpdateTimeNanos=99714369514500}
[cluster-ClusterId{value='67c9177593d12d05e2ead576', description='Cluster0'}-cluster0-shard-00-00.dxj9m.mongodb.net:27017] INFO org.mongodb.driver.cluster - Monitor thread successfully connected to server with description ServerDescription{address=cluster0-shard-00-00.dxj9m.mongodb.net:27017, type=REPLICA_SET_SECONDARY, state=CONNECTED, ok=true, minWireVersion=0, maxWireVersion=25, maxDocumentSize=16777216, logicalSessionTimeoutMinutes=30, roundTripTimeNanos=295278300, setName='atlas-f6rm43-shard-0', canonicalAddress=cluster0-shard-00-00.dxj9m.mongodb.net:27017, hosts=[cluster0-shard-00-01.dxj9m.mongodb.net:27017, cluster0-shard-00-02.dxj9m.mongodb.net:27017, cluster0-shard-00-00.dxj9m.mongodb.net:27017], passives=[], arbiters=[], primary='cluster0-shard-00-01.dxj9m.mongodb.net:27017', tagSet=TagSet{[Tag{name='availabilityZone', value='sae1-az1'}, Tag{name='diskState', value='READY'}, Tag{name='nodeType', value='ELECTABLE'}, Tag{name='provider', value='AWS'}, Tag{name='region', value='SA_EAST_1'}, Tag{name='workloadType', value='OPERATIONAL'}]}, electionId=null, setVersion=1, topologyVersion=TopologyVersion{processId=67c718bbf0e18f15cfdc4b2d, counter=4}, lastWriteDate=Wed Mar 05 22:33:08 GMT-05:00 2025, lastUpdateTimeNanos=99714370035600}
[cluster-ClusterId{value='67c9177593d12d05e2ead576', description='Cluster0'}-cluster0-shard-00-01.dxj9m.mongodb.net:27017] INFO org.mongodb.driver.cluster - Discovered replica set primary cluster0-shard-00-01.dxj9m.mongodb.net:27017 with max election id 7fffffff000000000000000c and max set version 1
Error initializing MongoDB: Write failed with error code 11000 and error message 'Index build failed: 933b8f91-645f-4cfc-a5ed-799bf44d72c4: Collection BaseAmeStore.customer ( 5c6145ab-8534-41c5-be22-5bb6484baf54 ) :: caused by :: E11000 duplicate key error collection: BaseAmeStore.customer index: id_1 dup key: { id: "1755100169" }'
]]></system-err>
  </testcase>
  <testcase name="testDeleteProduct" classname="ec.edu.espe.AmeStoreInventory.controller.ProductControllerTest" time="4.152">
    <failure message="The test case is a prototype." type="org.opentest4j.AssertionFailedError"><![CDATA[org.opentest4j.AssertionFailedError: The test case is a prototype.
	at org.junit.jupiter.api.AssertionUtils.fail(AssertionUtils.java:38)
	at org.junit.jupiter.api.Assertions.fail(Assertions.java:138)
	at ec.edu.espe.AmeStoreInventory.controller.ProductControllerTest.testDeleteProduct(ProductControllerTest.java:111)
	at java.base/java.lang.reflect.Method.invoke(Method.java:580)
	at java.base/java.util.ArrayList.forEach(ArrayList.java:1597)
	at java.base/java.util.ArrayList.forEach(ArrayList.java:1597)
]]></failure>
    <system-out><![CDATA[deleteProduct
]]></system-out>
    <system-err><![CDATA[[main] INFO org.mongodb.driver.client - MongoClient with metadata {"application": {"name": "Cluster0"}, "driver": {"name": "mongo-java-driver|sync", "version": "5.1.1"}, "os": {"type": "Windows", "name": "Windows 11", "architecture": "amd64", "version": "10.0"}, "platform": "Java/Oracle Corporation/23.0.1+11-39"} created with settings MongoClientSettings{readPreference=primary, writeConcern=WriteConcern{w=majority, wTimeout=null ms, journal=null}, retryWrites=true, retryReads=true, readConcern=ReadConcern{level=null}, credential=MongoCredential{mechanism=null, userName='daullcu', source='admin', password=<hidden>, mechanismProperties=<hidden>}, transportSettings=null, commandListeners=[], codecRegistry=ProvidersCodecRegistry{codecProviders=[ValueCodecProvider{}, BsonValueCodecProvider{}, DBRefCodecProvider{}, DBObjectCodecProvider{}, DocumentCodecProvider{}, CollectionCodecProvider{}, IterableCodecProvider{}, MapCodecProvider{}, GeoJsonCodecProvider{}, GridFSFileCodecProvider{}, Jsr310CodecProvider{}, JsonObjectCodecProvider{}, BsonCodecProvider{}, EnumCodecProvider{}, com.mongodb.client.model.mql.ExpressionCodecProvider@420a85c4, com.mongodb.Jep395RecordCodecProvider@1c39680d, com.mongodb.KotlinCodecProvider@62833051]}, loggerSettings=LoggerSettings{maxDocumentLength=1000}, clusterSettings={hosts=[127.0.0.1:27017], srvHost=cluster0.dxj9m.mongodb.net, srvServiceName=mongodb, mode=MULTIPLE, requiredClusterType=REPLICA_SET, requiredReplicaSetName='atlas-f6rm43-shard-0', serverSelector='null', clusterListeners='[]', serverSelectionTimeout='30000 ms', localThreshold='15 ms'}, socketSettings=SocketSettings{connectTimeoutMS=10000, readTimeoutMS=0, receiveBufferSize=0, proxySettings=ProxySettings{host=null, port=null, username=null, password=null}}, heartbeatSocketSettings=SocketSettings{connectTimeoutMS=10000, readTimeoutMS=10000, receiveBufferSize=0, proxySettings=ProxySettings{host=null, port=null, username=null, password=null}}, connectionPoolSettings=ConnectionPoolSettings{maxSize=100, minSize=0, maxWaitTimeMS=120000, maxConnectionLifeTimeMS=0, maxConnectionIdleTimeMS=0, maintenanceInitialDelayMS=0, maintenanceFrequencyMS=60000, connectionPoolListeners=[], maxConnecting=2}, serverSettings=ServerSettings{heartbeatFrequencyMS=10000, minHeartbeatFrequencyMS=500, serverMonitoringMode=AUTO, serverListeners='[]', serverMonitorListeners='[]'}, sslSettings=SslSettings{enabled=true, invalidHostNameAllowed=false, context=null}, applicationName='Cluster0', compressorList=[], uuidRepresentation=UNSPECIFIED, serverApi=ServerApi{version=V1, deprecationErrors=null, strict=null}, autoEncryptionSettings=null, dnsClient=null, inetAddressResolver=null, contextProvider=null}
[main] INFO org.mongodb.driver.cluster - Waiting for server to become available for operation with ID 220. Remaining time: 30000 ms. Selector: WritableServerSelector, topology description: {type=UNKNOWN, servers=[].
[cluster-ClusterId{value='67c917b893d12d05e2ead577', description='Cluster0'}-srv-cluster0.dxj9m.mongodb.net] INFO org.mongodb.driver.cluster - Adding discovered server cluster0-shard-00-02.dxj9m.mongodb.net:27017 to client view of cluster
[cluster-ClusterId{value='67c917b893d12d05e2ead577', description='Cluster0'}-srv-cluster0.dxj9m.mongodb.net] INFO org.mongodb.driver.cluster - Adding discovered server cluster0-shard-00-01.dxj9m.mongodb.net:27017 to client view of cluster
[cluster-ClusterId{value='67c917b893d12d05e2ead577', description='Cluster0'}-srv-cluster0.dxj9m.mongodb.net] INFO org.mongodb.driver.cluster - Adding discovered server cluster0-shard-00-00.dxj9m.mongodb.net:27017 to client view of cluster
[cluster-ClusterId{value='67c917b893d12d05e2ead577', description='Cluster0'}-cluster0-shard-00-01.dxj9m.mongodb.net:27017] INFO org.mongodb.driver.cluster - Monitor thread successfully connected to server with description ServerDescription{address=cluster0-shard-00-01.dxj9m.mongodb.net:27017, type=REPLICA_SET_PRIMARY, state=CONNECTED, ok=true, minWireVersion=0, maxWireVersion=25, maxDocumentSize=16777216, logicalSessionTimeoutMinutes=30, roundTripTimeNanos=297537100, setName='atlas-f6rm43-shard-0', canonicalAddress=cluster0-shard-00-01.dxj9m.mongodb.net:27017, hosts=[cluster0-shard-00-01.dxj9m.mongodb.net:27017, cluster0-shard-00-02.dxj9m.mongodb.net:27017, cluster0-shard-00-00.dxj9m.mongodb.net:27017], passives=[], arbiters=[], primary='cluster0-shard-00-01.dxj9m.mongodb.net:27017', tagSet=TagSet{[Tag{name='availabilityZone', value='sae1-az3'}, Tag{name='diskState', value='READY'}, Tag{name='nodeType', value='ELECTABLE'}, Tag{name='provider', value='AWS'}, Tag{name='region', value='SA_EAST_1'}, Tag{name='workloadType', value='OPERATIONAL'}]}, electionId=7fffffff000000000000000c, setVersion=1, topologyVersion=TopologyVersion{processId=67c718e7f21c80602f803db0, counter=6}, lastWriteDate=Wed Mar 05 22:34:15 GMT-05:00 2025, lastUpdateTimeNanos=99781259959900}
[cluster-ClusterId{value='67c917b893d12d05e2ead577', description='Cluster0'}-cluster0-shard-00-01.dxj9m.mongodb.net:27017] INFO org.mongodb.driver.cluster - Discovered replica set primary cluster0-shard-00-01.dxj9m.mongodb.net:27017 with max election id 7fffffff000000000000000c and max set version 1
[cluster-ClusterId{value='67c917b893d12d05e2ead577', description='Cluster0'}-cluster0-shard-00-00.dxj9m.mongodb.net:27017] INFO org.mongodb.driver.cluster - Monitor thread successfully connected to server with description ServerDescription{address=cluster0-shard-00-00.dxj9m.mongodb.net:27017, type=REPLICA_SET_SECONDARY, state=CONNECTED, ok=true, minWireVersion=0, maxWireVersion=25, maxDocumentSize=16777216, logicalSessionTimeoutMinutes=30, roundTripTimeNanos=279381300, setName='atlas-f6rm43-shard-0', canonicalAddress=cluster0-shard-00-00.dxj9m.mongodb.net:27017, hosts=[cluster0-shard-00-01.dxj9m.mongodb.net:27017, cluster0-shard-00-02.dxj9m.mongodb.net:27017, cluster0-shard-00-00.dxj9m.mongodb.net:27017], passives=[], arbiters=[], primary='cluster0-shard-00-01.dxj9m.mongodb.net:27017', tagSet=TagSet{[Tag{name='availabilityZone', value='sae1-az1'}, Tag{name='diskState', value='READY'}, Tag{name='nodeType', value='ELECTABLE'}, Tag{name='provider', value='AWS'}, Tag{name='region', value='SA_EAST_1'}, Tag{name='workloadType', value='OPERATIONAL'}]}, electionId=null, setVersion=1, topologyVersion=TopologyVersion{processId=67c718bbf0e18f15cfdc4b2d, counter=4}, lastWriteDate=Wed Mar 05 22:34:15 GMT-05:00 2025, lastUpdateTimeNanos=99781292546600}
[cluster-ClusterId{value='67c917b893d12d05e2ead577', description='Cluster0'}-cluster0-shard-00-02.dxj9m.mongodb.net:27017] INFO org.mongodb.driver.cluster - Monitor thread successfully connected to server with description ServerDescription{address=cluster0-shard-00-02.dxj9m.mongodb.net:27017, type=REPLICA_SET_SECONDARY, state=CONNECTED, ok=true, minWireVersion=0, maxWireVersion=25, maxDocumentSize=16777216, logicalSessionTimeoutMinutes=30, roundTripTimeNanos=279378300, setName='atlas-f6rm43-shard-0', canonicalAddress=cluster0-shard-00-02.dxj9m.mongodb.net:27017, hosts=[cluster0-shard-00-01.dxj9m.mongodb.net:27017, cluster0-shard-00-02.dxj9m.mongodb.net:27017, cluster0-shard-00-00.dxj9m.mongodb.net:27017], passives=[], arbiters=[], primary='cluster0-shard-00-01.dxj9m.mongodb.net:27017', tagSet=TagSet{[Tag{name='availabilityZone', value='sae1-az2'}, Tag{name='diskState', value='READY'}, Tag{name='nodeType', value='ELECTABLE'}, Tag{name='provider', value='AWS'}, Tag{name='region', value='SA_EAST_1'}, Tag{name='workloadType', value='OPERATIONAL'}]}, electionId=null, setVersion=1, topologyVersion=TopologyVersion{processId=67c719134cc1f6d52ecb1ffa, counter=3}, lastWriteDate=Wed Mar 05 22:34:15 GMT-05:00 2025, lastUpdateTimeNanos=99781385148600}
Error initializing MongoDB: Write failed with error code 11000 and error message 'Index build failed: 68607f7b-3410-41b8-9167-7c67eb2f6448: Collection BaseAmeStore.customer ( 5c6145ab-8534-41c5-be22-5bb6484baf54 ) :: caused by :: E11000 duplicate key error collection: BaseAmeStore.customer index: id_1 dup key: { id: "1755100169" }'
]]></system-err>
  </testcase>
</testsuite>